{"/Users/davidsage/Desktop/Flash Cards/flash-cards/setupTests.js": {"path":"/Users/davidsage/Desktop/Flash Cards/flash-cards/setupTests.js","statementMap":{"0":{"start":{"line":4,"column":0},"end":{"line":4,"column":38}}},"fnMap":{},"branchMap":{},"s":{"0":17},"f":{},"b":{},"_coverageSchema":"332fd63041d2c1bcb487cc26dd0d5f7d97098a6c","hash":"662360d86948b315e9ba7439c927af3e8bf4e1e9"}
,"/Users/davidsage/Desktop/Flash Cards/flash-cards/actions/decks.js": {"path":"/Users/davidsage/Desktop/Flash Cards/flash-cards/actions/decks.js","statementMap":{"0":{"start":{"line":1,"column":29},"end":{"line":1,"column":44}},"1":{"start":{"line":2,"column":24},"end":{"line":2,"column":34}},"2":{"start":{"line":3,"column":24},"end":{"line":3,"column":34}},"3":{"start":{"line":4,"column":25},"end":{"line":4,"column":36}},"4":{"start":{"line":7,"column":2},"end":{"line":10,"column":4}},"5":{"start":{"line":14,"column":2},"end":{"line":17,"column":4}},"6":{"start":{"line":21,"column":2},"end":{"line":25,"column":4}},"7":{"start":{"line":29,"column":2},"end":{"line":34,"column":4}}},"fnMap":{"0":{"name":"receiveDecks","decl":{"start":{"line":6,"column":16},"end":{"line":6,"column":28}},"loc":{"start":{"line":6,"column":36},"end":{"line":11,"column":1}},"line":6},"1":{"name":"addDeck","decl":{"start":{"line":13,"column":16},"end":{"line":13,"column":23}},"loc":{"start":{"line":13,"column":30},"end":{"line":18,"column":1}},"line":13},"2":{"name":"addCard","decl":{"start":{"line":20,"column":16},"end":{"line":20,"column":23}},"loc":{"start":{"line":20,"column":45},"end":{"line":26,"column":1}},"line":20},"3":{"name":"addScore","decl":{"start":{"line":28,"column":16},"end":{"line":28,"column":24}},"loc":{"start":{"line":28,"column":54},"end":{"line":35,"column":1}},"line":28}},"branchMap":{},"s":{"0":6,"1":6,"2":6,"3":6,"4":1,"5":1,"6":3,"7":5},"f":{"0":1,"1":1,"2":3,"3":5},"b":{},"_coverageSchema":"332fd63041d2c1bcb487cc26dd0d5f7d97098a6c","hash":"faa9ff8483c0f922ef5674af78eef25abb340d73"}
,"/Users/davidsage/Desktop/Flash Cards/flash-cards/actions/profile.js": {"path":"/Users/davidsage/Desktop/Flash Cards/flash-cards/actions/profile.js","statementMap":{"0":{"start":{"line":1,"column":31},"end":{"line":1,"column":48}},"1":{"start":{"line":2,"column":29},"end":{"line":2,"column":44}},"2":{"start":{"line":3,"column":26},"end":{"line":3,"column":38}},"3":{"start":{"line":4,"column":27},"end":{"line":4,"column":40}},"4":{"start":{"line":7,"column":2},"end":{"line":10,"column":4}},"5":{"start":{"line":14,"column":2},"end":{"line":17,"column":4}},"6":{"start":{"line":21,"column":2},"end":{"line":24,"column":4}},"7":{"start":{"line":28,"column":2},"end":{"line":31,"column":4}}},"fnMap":{"0":{"name":"receiveProfile","decl":{"start":{"line":6,"column":16},"end":{"line":6,"column":30}},"loc":{"start":{"line":6,"column":40},"end":{"line":11,"column":1}},"line":6},"1":{"name":"editUsername","decl":{"start":{"line":13,"column":16},"end":{"line":13,"column":28}},"loc":{"start":{"line":13,"column":39},"end":{"line":18,"column":1}},"line":13},"2":{"name":"editCover","decl":{"start":{"line":20,"column":16},"end":{"line":20,"column":25}},"loc":{"start":{"line":20,"column":33},"end":{"line":25,"column":1}},"line":20},"3":{"name":"editAvatar","decl":{"start":{"line":27,"column":16},"end":{"line":27,"column":26}},"loc":{"start":{"line":27,"column":34},"end":{"line":32,"column":1}},"line":27}},"branchMap":{},"s":{"0":3,"1":3,"2":3,"3":3,"4":1,"5":3,"6":1,"7":1},"f":{"0":1,"1":3,"2":1,"3":1},"b":{},"_coverageSchema":"332fd63041d2c1bcb487cc26dd0d5f7d97098a6c","hash":"a2e5c36efa6dbd43be3ae0a2f7c191852626829c"}
,"/Users/davidsage/Desktop/Flash Cards/flash-cards/components/Card.js": {"path":"/Users/davidsage/Desktop/Flash Cards/flash-cards/components/Card.js","statementMap":{"0":{"start":{"line":20,"column":4},"end":{"line":20,"column":25}},"1":{"start":{"line":24,"column":4},"end":{"line":24,"column":25}},"2":{"start":{"line":25,"column":4},"end":{"line":25,"column":20}},"3":{"start":{"line":29,"column":30},"end":{"line":29,"column":40}},"4":{"start":{"line":31,"column":4},"end":{"line":39,"column":5}},"5":{"start":{"line":32,"column":6},"end":{"line":32,"column":22}},"6":{"start":{"line":34,"column":6},"end":{"line":38,"column":17}},"7":{"start":{"line":43,"column":30},"end":{"line":43,"column":40}},"8":{"start":{"line":45,"column":4},"end":{"line":49,"column":15}},"9":{"start":{"line":53,"column":28},"end":{"line":53,"column":38}},"10":{"start":{"line":55,"column":4},"end":{"line":66,"column":15}},"11":{"start":{"line":70,"column":53},"end":{"line":70,"column":63}},"12":{"start":{"line":71,"column":43},"end":{"line":71,"column":53}},"13":{"start":{"line":73,"column":4},"end":{"line":73,"column":19}},"14":{"start":{"line":74,"column":4},"end":{"line":76,"column":7}},"15":{"start":{"line":75,"column":6},"end":{"line":75,"column":25}},"16":{"start":{"line":78,"column":4},"end":{"line":81,"column":7}},"17":{"start":{"line":83,"column":4},"end":{"line":93,"column":5}},"18":{"start":{"line":84,"column":6},"end":{"line":87,"column":9}},"19":{"start":{"line":89,"column":6},"end":{"line":92,"column":9}},"20":{"start":{"line":95,"column":4},"end":{"line":98,"column":7}},"21":{"start":{"line":99,"column":4},"end":{"line":102,"column":7}},"22":{"start":{"line":104,"column":31},"end":{"line":108,"column":5}},"23":{"start":{"line":109,"column":30},"end":{"line":113,"column":5}},"24":{"start":{"line":116,"column":6},"end":{"line":125,"column":13}},"25":{"start":{"line":128,"column":4},"end":{"line":147,"column":6}},"26":{"start":{"line":129,"column":47},"end":{"line":129,"column":62}},"27":{"start":{"line":151,"column":15},"end":{"line":194,"column":2}}},"fnMap":{"0":{"name":"(anonymous_0)","decl":{"start":{"line":19,"column":2},"end":{"line":19,"column":3}},"loc":{"start":{"line":19,"column":22},"end":{"line":21,"column":3}},"line":19},"1":{"name":"(anonymous_1)","decl":{"start":{"line":23,"column":2},"end":{"line":23,"column":3}},"loc":{"start":{"line":23,"column":23},"end":{"line":26,"column":3}},"line":23},"2":{"name":"(anonymous_2)","decl":{"start":{"line":28,"column":2},"end":{"line":28,"column":3}},"loc":{"start":{"line":28,"column":13},"end":{"line":40,"column":3}},"line":28},"3":{"name":"(anonymous_3)","decl":{"start":{"line":42,"column":2},"end":{"line":42,"column":3}},"loc":{"start":{"line":42,"column":13},"end":{"line":50,"column":3}},"line":42},"4":{"name":"(anonymous_4)","decl":{"start":{"line":52,"column":2},"end":{"line":52,"column":3}},"loc":{"start":{"line":52,"column":18},"end":{"line":67,"column":3}},"line":52},"5":{"name":"(anonymous_5)","decl":{"start":{"line":69,"column":2},"end":{"line":69,"column":3}},"loc":{"start":{"line":69,"column":11},"end":{"line":148,"column":3}},"line":69},"6":{"name":"(anonymous_6)","decl":{"start":{"line":74,"column":30},"end":{"line":74,"column":31}},"loc":{"start":{"line":74,"column":45},"end":{"line":76,"column":5}},"line":74},"7":{"name":"(anonymous_7)","decl":{"start":{"line":129,"column":41},"end":{"line":129,"column":42}},"loc":{"start":{"line":129,"column":47},"end":{"line":129,"column":62}},"line":129}},"branchMap":{"0":{"loc":{"start":{"line":31,"column":4},"end":{"line":39,"column":5}},"type":"if","locations":[{"start":{"line":31,"column":4},"end":{"line":39,"column":5}},{"start":{"line":31,"column":4},"end":{"line":39,"column":5}}],"line":31},"1":{"loc":{"start":{"line":83,"column":4},"end":{"line":93,"column":5}},"type":"if","locations":[{"start":{"line":83,"column":4},"end":{"line":93,"column":5}},{"start":{"line":83,"column":4},"end":{"line":93,"column":5}}],"line":83},"2":{"loc":{"start":{"line":119,"column":12},"end":{"line":119,"column":78}},"type":"cond-expr","locations":[{"start":{"line":119,"column":39},"end":{"line":119,"column":54}},{"start":{"line":119,"column":57},"end":{"line":119,"column":78}}],"line":119}},"s":{"0":1,"1":0,"2":0,"3":0,"4":0,"5":0,"6":0,"7":0,"8":0,"9":1,"10":1,"11":1,"12":1,"13":1,"14":1,"15":0,"16":1,"17":1,"18":1,"19":0,"20":1,"21":1,"22":1,"23":1,"24":1,"25":1,"26":0,"27":2},"f":{"0":1,"1":0,"2":0,"3":0,"4":1,"5":1,"6":0,"7":0},"b":{"0":[0,0],"1":[1,0],"2":[1,0]},"_coverageSchema":"332fd63041d2c1bcb487cc26dd0d5f7d97098a6c","hash":"183b2ad6651e2ee9f0688007f3c5776ca2bb0762"}
,"/Users/davidsage/Desktop/Flash Cards/flash-cards/components/CircleScore.js": {"path":"/Users/davidsage/Desktop/Flash Cards/flash-cards/components/CircleScore.js","statementMap":{"0":{"start":{"line":6,"column":27},"end":{"line":16,"column":1}},"1":{"start":{"line":7,"column":2},"end":{"line":9,"column":3}},"2":{"start":{"line":8,"column":4},"end":{"line":8,"column":15}},"3":{"start":{"line":10,"column":2},"end":{"line":12,"column":3}},"4":{"start":{"line":11,"column":4},"end":{"line":11,"column":18}},"5":{"start":{"line":13,"column":2},"end":{"line":15,"column":3}},"6":{"start":{"line":14,"column":4},"end":{"line":14,"column":21}},"7":{"start":{"line":21,"column":2},"end":{"line":42,"column":4}},"8":{"start":{"line":36,"column":10},"end":{"line":38,"column":17}}},"fnMap":{"0":{"name":"(anonymous_0)","decl":{"start":{"line":6,"column":27},"end":{"line":6,"column":28}},"loc":{"start":{"line":6,"column":40},"end":{"line":16,"column":1}},"line":6},"1":{"name":"CircleScore","decl":{"start":{"line":18,"column":24},"end":{"line":18,"column":35}},"loc":{"start":{"line":20,"column":3},"end":{"line":43,"column":1}},"line":20},"2":{"name":"(anonymous_2)","decl":{"start":{"line":35,"column":8},"end":{"line":35,"column":9}},"loc":{"start":{"line":36,"column":10},"end":{"line":38,"column":17}},"line":36}},"branchMap":{"0":{"loc":{"start":{"line":7,"column":2},"end":{"line":9,"column":3}},"type":"if","locations":[{"start":{"line":7,"column":2},"end":{"line":9,"column":3}},{"start":{"line":7,"column":2},"end":{"line":9,"column":3}}],"line":7},"1":{"loc":{"start":{"line":10,"column":2},"end":{"line":12,"column":3}},"type":"if","locations":[{"start":{"line":10,"column":2},"end":{"line":12,"column":3}},{"start":{"line":10,"column":2},"end":{"line":12,"column":3}}],"line":10},"2":{"loc":{"start":{"line":13,"column":2},"end":{"line":15,"column":3}},"type":"if","locations":[{"start":{"line":13,"column":2},"end":{"line":15,"column":3}},{"start":{"line":13,"column":2},"end":{"line":15,"column":3}}],"line":13}},"s":{"0":3,"1":4,"2":1,"3":3,"4":2,"5":1,"6":1,"7":1,"8":0},"f":{"0":4,"1":1,"2":0},"b":{"0":[1,3],"1":[2,1],"2":[1,0]},"_coverageSchema":"332fd63041d2c1bcb487cc26dd0d5f7d97098a6c","hash":"b204c1b4503fb0a1a833d833ce825198c26f9daa"}
,"/Users/davidsage/Desktop/Flash Cards/flash-cards/components/Deck.js": {"path":"/Users/davidsage/Desktop/Flash Cards/flash-cards/components/Deck.js","statementMap":{"0":{"start":{"line":19,"column":37},"end":{"line":19,"column":47}},"1":{"start":{"line":21,"column":4},"end":{"line":21,"column":13}},"2":{"start":{"line":22,"column":4},"end":{"line":22,"column":13}},"3":{"start":{"line":23,"column":4},"end":{"line":23,"column":27}},"4":{"start":{"line":27,"column":4},"end":{"line":27,"column":101}},"5":{"start":{"line":31,"column":4},"end":{"line":36,"column":5}},"6":{"start":{"line":32,"column":6},"end":{"line":34,"column":7}},"7":{"start":{"line":33,"column":8},"end":{"line":33,"column":46}},"8":{"start":{"line":35,"column":6},"end":{"line":35,"column":43}},"9":{"start":{"line":37,"column":4},"end":{"line":37,"column":24}},"10":{"start":{"line":41,"column":33},"end":{"line":41,"column":43}},"11":{"start":{"line":43,"column":4},"end":{"line":45,"column":5}},"12":{"start":{"line":44,"column":6},"end":{"line":44,"column":18}},"13":{"start":{"line":46,"column":33},"end":{"line":46,"column":37}},"14":{"start":{"line":48,"column":4},"end":{"line":109,"column":6}},"15":{"start":{"line":66,"column":33},"end":{"line":69,"column":19}},"16":{"start":{"line":82,"column":33},"end":{"line":85,"column":19}},"17":{"start":{"line":100,"column":18},"end":{"line":102,"column":25}},"18":{"start":{"line":113,"column":15},"end":{"line":183,"column":2}},"19":{"start":{"line":186,"column":26},"end":{"line":186,"column":49}},"20":{"start":{"line":188,"column":2},"end":{"line":190,"column":4}},"21":{"start":{"line":194,"column":26},"end":{"line":194,"column":49}},"22":{"start":{"line":196,"column":2},"end":{"line":203,"column":4}},"23":{"start":{"line":197,"column":18},"end":{"line":199,"column":7}},"24":{"start":{"line":200,"column":18},"end":{"line":202,"column":5}}},"fnMap":{"0":{"name":"(anonymous_0)","decl":{"start":{"line":18,"column":21},"end":{"line":18,"column":22}},"loc":{"start":{"line":18,"column":27},"end":{"line":24,"column":3}},"line":18},"1":{"name":"(anonymous_1)","decl":{"start":{"line":26,"column":18},"end":{"line":26,"column":19}},"loc":{"start":{"line":26,"column":24},"end":{"line":28,"column":3}},"line":26},"2":{"name":"(anonymous_2)","decl":{"start":{"line":30,"column":15},"end":{"line":30,"column":16}},"loc":{"start":{"line":30,"column":30},"end":{"line":38,"column":3}},"line":30},"3":{"name":"(anonymous_3)","decl":{"start":{"line":40,"column":2},"end":{"line":40,"column":3}},"loc":{"start":{"line":40,"column":11},"end":{"line":110,"column":3}},"line":40},"4":{"name":"(anonymous_4)","decl":{"start":{"line":66,"column":27},"end":{"line":66,"column":28}},"loc":{"start":{"line":66,"column":33},"end":{"line":69,"column":19}},"line":66},"5":{"name":"(anonymous_5)","decl":{"start":{"line":82,"column":27},"end":{"line":82,"column":28}},"loc":{"start":{"line":82,"column":33},"end":{"line":85,"column":19}},"line":82},"6":{"name":"(anonymous_6)","decl":{"start":{"line":99,"column":32},"end":{"line":99,"column":33}},"loc":{"start":{"line":100,"column":18},"end":{"line":102,"column":25}},"line":100},"7":{"name":"mapStateToProps","decl":{"start":{"line":185,"column":9},"end":{"line":185,"column":24}},"loc":{"start":{"line":185,"column":48},"end":{"line":191,"column":1}},"line":185},"8":{"name":"mapDispatchToProps","decl":{"start":{"line":193,"column":9},"end":{"line":193,"column":27}},"loc":{"start":{"line":193,"column":54},"end":{"line":204,"column":1}},"line":193},"9":{"name":"(anonymous_9)","decl":{"start":{"line":197,"column":12},"end":{"line":197,"column":13}},"loc":{"start":{"line":197,"column":18},"end":{"line":199,"column":7}},"line":197},"10":{"name":"(anonymous_10)","decl":{"start":{"line":200,"column":12},"end":{"line":200,"column":13}},"loc":{"start":{"line":200,"column":18},"end":{"line":202,"column":5}},"line":200}},"branchMap":{"0":{"loc":{"start":{"line":31,"column":4},"end":{"line":36,"column":5}},"type":"if","locations":[{"start":{"line":31,"column":4},"end":{"line":36,"column":5}},{"start":{"line":31,"column":4},"end":{"line":36,"column":5}}],"line":31},"1":{"loc":{"start":{"line":31,"column":8},"end":{"line":31,"column":37}},"type":"binary-expr","locations":[{"start":{"line":31,"column":8},"end":{"line":31,"column":17}},{"start":{"line":31,"column":21},"end":{"line":31,"column":37}}],"line":31},"2":{"loc":{"start":{"line":32,"column":6},"end":{"line":34,"column":7}},"type":"if","locations":[{"start":{"line":32,"column":6},"end":{"line":34,"column":7}},{"start":{"line":32,"column":6},"end":{"line":34,"column":7}}],"line":32},"3":{"loc":{"start":{"line":43,"column":4},"end":{"line":45,"column":5}},"type":"if","locations":[{"start":{"line":43,"column":4},"end":{"line":45,"column":5}},{"start":{"line":43,"column":4},"end":{"line":45,"column":5}}],"line":43},"4":{"loc":{"start":{"line":50,"column":9},"end":{"line":107,"column":16}},"type":"cond-expr","locations":[{"start":{"line":52,"column":12},"end":{"line":105,"column":19}},{"start":{"line":107,"column":12},"end":{"line":107,"column":16}}],"line":50},"5":{"loc":{"start":{"line":98,"column":15},"end":{"line":104,"column":60}},"type":"cond-expr","locations":[{"start":{"line":99,"column":18},"end":{"line":103,"column":18}},{"start":{"line":104,"column":18},"end":{"line":104,"column":60}}],"line":98},"6":{"loc":{"start":{"line":98,"column":15},"end":{"line":98,"column":44}},"type":"binary-expr","locations":[{"start":{"line":98,"column":15},"end":{"line":98,"column":24}},{"start":{"line":98,"column":28},"end":{"line":98,"column":44}}],"line":98}},"s":{"0":1,"1":1,"2":1,"3":1,"4":5,"5":7,"6":6,"7":2,"8":4,"9":1,"10":6,"11":6,"12":2,"13":4,"14":4,"15":0,"16":0,"17":5,"18":1,"19":0,"20":0,"21":0,"22":0,"23":0,"24":0},"f":{"0":1,"1":5,"2":7,"3":6,"4":0,"5":0,"6":5,"7":0,"8":0,"9":0,"10":0},"b":{"0":[6,1],"1":[7,7],"2":[2,4],"3":[2,4],"4":[4,0],"5":[4,0],"6":[4,4]},"_coverageSchema":"332fd63041d2c1bcb487cc26dd0d5f7d97098a6c","hash":"fbc8532d42403890a0c3351219be84b7a27c8982"}
,"/Users/davidsage/Desktop/Flash Cards/flash-cards/components/DeckList.js": {"path":"/Users/davidsage/Desktop/Flash Cards/flash-cards/components/DeckList.js","statementMap":{"0":{"start":{"line":17,"column":25},"end":{"line":17,"column":35}},"1":{"start":{"line":19,"column":4},"end":{"line":22,"column":7}},"2":{"start":{"line":20,"column":6},"end":{"line":20,"column":36}},"3":{"start":{"line":21,"column":6},"end":{"line":21,"column":40}},"4":{"start":{"line":26,"column":34},"end":{"line":26,"column":44}},"5":{"start":{"line":28,"column":4},"end":{"line":79,"column":6}},"6":{"start":{"line":33,"column":27},"end":{"line":33,"column":57}},"7":{"start":{"line":47,"column":14},"end":{"line":67,"column":21}},"8":{"start":{"line":49,"column":33},"end":{"line":52,"column":19}},"9":{"start":{"line":83,"column":15},"end":{"line":149,"column":2}},"10":{"start":{"line":152,"column":24},"end":{"line":152,"column":44}},"11":{"start":{"line":153,"column":21},"end":{"line":153,"column":23}},"12":{"start":{"line":155,"column":2},"end":{"line":159,"column":3}},"13":{"start":{"line":156,"column":4},"end":{"line":158,"column":5}},"14":{"start":{"line":157,"column":6},"end":{"line":157,"column":40}},"15":{"start":{"line":161,"column":2},"end":{"line":165,"column":4}},"16":{"start":{"line":162,"column":50},"end":{"line":164,"column":5}},"17":{"start":{"line":164,"column":23},"end":{"line":164,"column":48}}},"fnMap":{"0":{"name":"(anonymous_0)","decl":{"start":{"line":16,"column":2},"end":{"line":16,"column":3}},"loc":{"start":{"line":16,"column":22},"end":{"line":23,"column":3}},"line":16},"1":{"name":"(anonymous_1)","decl":{"start":{"line":19,"column":26},"end":{"line":19,"column":27}},"loc":{"start":{"line":19,"column":50},"end":{"line":22,"column":5}},"line":19},"2":{"name":"(anonymous_2)","decl":{"start":{"line":25,"column":2},"end":{"line":25,"column":3}},"loc":{"start":{"line":25,"column":11},"end":{"line":80,"column":3}},"line":25},"3":{"name":"(anonymous_3)","decl":{"start":{"line":33,"column":21},"end":{"line":33,"column":22}},"loc":{"start":{"line":33,"column":27},"end":{"line":33,"column":57}},"line":33},"4":{"name":"(anonymous_4)","decl":{"start":{"line":46,"column":39},"end":{"line":46,"column":40}},"loc":{"start":{"line":47,"column":14},"end":{"line":67,"column":21}},"line":47},"5":{"name":"(anonymous_5)","decl":{"start":{"line":49,"column":27},"end":{"line":49,"column":28}},"loc":{"start":{"line":49,"column":33},"end":{"line":52,"column":19}},"line":49},"6":{"name":"mapStateToProps","decl":{"start":{"line":151,"column":9},"end":{"line":151,"column":24}},"loc":{"start":{"line":151,"column":36},"end":{"line":166,"column":1}},"line":151},"7":{"name":"(anonymous_7)","decl":{"start":{"line":162,"column":41},"end":{"line":162,"column":42}},"loc":{"start":{"line":162,"column":50},"end":{"line":164,"column":5}},"line":162},"8":{"name":"(anonymous_8)","decl":{"start":{"line":164,"column":13},"end":{"line":164,"column":14}},"loc":{"start":{"line":164,"column":23},"end":{"line":164,"column":48}},"line":164}},"branchMap":{"0":{"loc":{"start":{"line":40,"column":9},"end":{"line":42,"column":16}},"type":"cond-expr","locations":[{"start":{"line":41,"column":12},"end":{"line":41,"column":64}},{"start":{"line":42,"column":12},"end":{"line":42,"column":16}}],"line":40},"1":{"loc":{"start":{"line":45,"column":11},"end":{"line":75,"column":13}},"type":"cond-expr","locations":[{"start":{"line":46,"column":14},"end":{"line":68,"column":14}},{"start":{"line":69,"column":14},"end":{"line":74,"column":21}}],"line":45},"2":{"loc":{"start":{"line":57,"column":19},"end":{"line":64,"column":80}},"type":"cond-expr","locations":[{"start":{"line":59,"column":22},"end":{"line":63,"column":29}},{"start":{"line":64,"column":24},"end":{"line":64,"column":80}}],"line":57},"3":{"loc":{"start":{"line":57,"column":19},"end":{"line":57,"column":58}},"type":"binary-expr","locations":[{"start":{"line":57,"column":19},"end":{"line":57,"column":33}},{"start":{"line":57,"column":37},"end":{"line":57,"column":58}}],"line":57},"4":{"loc":{"start":{"line":60,"column":25},"end":{"line":62,"column":59}},"type":"cond-expr","locations":[{"start":{"line":61,"column":28},"end":{"line":61,"column":60}},{"start":{"line":62,"column":28},"end":{"line":62,"column":59}}],"line":60},"5":{"loc":{"start":{"line":156,"column":4},"end":{"line":158,"column":5}},"type":"if","locations":[{"start":{"line":156,"column":4},"end":{"line":158,"column":5}},{"start":{"line":156,"column":4},"end":{"line":158,"column":5}}],"line":156}},"s":{"0":1,"1":1,"2":0,"3":0,"4":1,"5":1,"6":0,"7":0,"8":0,"9":1,"10":0,"11":0,"12":0,"13":0,"14":0,"15":0,"16":0,"17":0},"f":{"0":1,"1":0,"2":1,"3":0,"4":0,"5":0,"6":0,"7":0,"8":0},"b":{"0":[0,1],"1":[0,1],"2":[0,0],"3":[0,0],"4":[0,0],"5":[0,0]},"_coverageSchema":"332fd63041d2c1bcb487cc26dd0d5f7d97098a6c","hash":"6539bf08ff65d91a3be0bd6e2a830b33439fd2df"}
,"/Users/davidsage/Desktop/Flash Cards/flash-cards/components/DeckOption.js": {"path":"/Users/davidsage/Desktop/Flash Cards/flash-cards/components/DeckOption.js","statementMap":{"0":{"start":{"line":12,"column":2},"end":{"line":25,"column":4}},"1":{"start":{"line":28,"column":15},"end":{"line":39,"column":2}}},"fnMap":{"0":{"name":"DeckOption","decl":{"start":{"line":9,"column":24},"end":{"line":9,"column":34}},"loc":{"start":{"line":11,"column":3},"end":{"line":26,"column":1}},"line":11}},"branchMap":{},"s":{"0":7,"1":2},"f":{"0":7},"b":{},"_coverageSchema":"332fd63041d2c1bcb487cc26dd0d5f7d97098a6c","hash":"790a5414d1184eeed0ca50b8be1c8cbf3686f0df"}
,"/Users/davidsage/Desktop/Flash Cards/flash-cards/components/NASBtn.js": {"path":"/Users/davidsage/Desktop/Flash Cards/flash-cards/components/NASBtn.js","statementMap":{"0":{"start":{"line":16,"column":2},"end":{"line":26,"column":4}},"1":{"start":{"line":29,"column":15},"end":{"line":45,"column":2}}},"fnMap":{"0":{"name":"NASBtn","decl":{"start":{"line":13,"column":24},"end":{"line":13,"column":30}},"loc":{"start":{"line":15,"column":3},"end":{"line":27,"column":1}},"line":15}},"branchMap":{"0":{"loc":{"start":{"line":37,"column":18},"end":{"line":37,"column":47}},"type":"cond-expr","locations":[{"start":{"line":37,"column":42},"end":{"line":37,"column":43}},{"start":{"line":37,"column":46},"end":{"line":37,"column":47}}],"line":37},"1":{"loc":{"start":{"line":41,"column":14},"end":{"line":41,"column":45}},"type":"cond-expr","locations":[{"start":{"line":41,"column":38},"end":{"line":41,"column":40}},{"start":{"line":41,"column":43},"end":{"line":41,"column":45}}],"line":41}},"s":{"0":6,"1":6},"f":{"0":6},"b":{"0":[6,0],"1":[6,0]},"_coverageSchema":"332fd63041d2c1bcb487cc26dd0d5f7d97098a6c","hash":"65c02cb004f65693a208e06673e0cb62bd0213cd"}
,"/Users/davidsage/Desktop/Flash Cards/flash-cards/components/NewCard.js": {"path":"/Users/davidsage/Desktop/Flash Cards/flash-cards/components/NewCard.js","statementMap":{"0":{"start":{"line":27,"column":4},"end":{"line":37,"column":5}},"1":{"start":{"line":28,"column":6},"end":{"line":31,"column":10}},"2":{"start":{"line":28,"column":27},"end":{"line":31,"column":7}},"3":{"start":{"line":33,"column":6},"end":{"line":36,"column":10}},"4":{"start":{"line":33,"column":27},"end":{"line":36,"column":7}},"5":{"start":{"line":41,"column":31},"end":{"line":41,"column":41}},"6":{"start":{"line":42,"column":22},"end":{"line":42,"column":32}},"7":{"start":{"line":43,"column":33},"end":{"line":43,"column":43}},"8":{"start":{"line":45,"column":17},"end":{"line":48,"column":5}},"9":{"start":{"line":50,"column":4},"end":{"line":50,"column":43}},"10":{"start":{"line":51,"column":4},"end":{"line":51,"column":18}},"11":{"start":{"line":52,"column":4},"end":{"line":52,"column":35}},"12":{"start":{"line":56,"column":33},"end":{"line":56,"column":43}},"13":{"start":{"line":58,"column":4},"end":{"line":61,"column":6}},"14":{"start":{"line":65,"column":59},"end":{"line":65,"column":69}},"15":{"start":{"line":66,"column":28},"end":{"line":66,"column":49}},"16":{"start":{"line":67,"column":28},"end":{"line":67,"column":47}},"17":{"start":{"line":69,"column":4},"end":{"line":103,"column":6}},"18":{"start":{"line":77,"column":27},"end":{"line":77,"column":63}},"19":{"start":{"line":78,"column":38},"end":{"line":78,"column":65}},"20":{"start":{"line":90,"column":27},"end":{"line":90,"column":61}},"21":{"start":{"line":91,"column":36},"end":{"line":91,"column":61}},"22":{"start":{"line":107,"column":15},"end":{"line":141,"column":2}},"23":{"start":{"line":144,"column":26},"end":{"line":144,"column":49}},"24":{"start":{"line":146,"column":2},"end":{"line":148,"column":4}}},"fnMap":{"0":{"name":"(anonymous_0)","decl":{"start":{"line":26,"column":24},"end":{"line":26,"column":25}},"loc":{"start":{"line":26,"column":41},"end":{"line":38,"column":3}},"line":26},"1":{"name":"(anonymous_1)","decl":{"start":{"line":28,"column":20},"end":{"line":28,"column":21}},"loc":{"start":{"line":28,"column":27},"end":{"line":31,"column":7}},"line":28},"2":{"name":"(anonymous_2)","decl":{"start":{"line":33,"column":20},"end":{"line":33,"column":21}},"loc":{"start":{"line":33,"column":27},"end":{"line":36,"column":7}},"line":33},"3":{"name":"(anonymous_3)","decl":{"start":{"line":40,"column":11},"end":{"line":40,"column":12}},"loc":{"start":{"line":40,"column":17},"end":{"line":53,"column":3}},"line":40},"4":{"name":"(anonymous_4)","decl":{"start":{"line":55,"column":11},"end":{"line":55,"column":12}},"loc":{"start":{"line":55,"column":17},"end":{"line":62,"column":3}},"line":55},"5":{"name":"(anonymous_5)","decl":{"start":{"line":64,"column":2},"end":{"line":64,"column":3}},"loc":{"start":{"line":64,"column":11},"end":{"line":104,"column":3}},"line":64},"6":{"name":"(anonymous_6)","decl":{"start":{"line":77,"column":21},"end":{"line":77,"column":22}},"loc":{"start":{"line":77,"column":27},"end":{"line":77,"column":63}},"line":77},"7":{"name":"(anonymous_7)","decl":{"start":{"line":78,"column":26},"end":{"line":78,"column":27}},"loc":{"start":{"line":78,"column":38},"end":{"line":78,"column":65}},"line":78},"8":{"name":"(anonymous_8)","decl":{"start":{"line":90,"column":21},"end":{"line":90,"column":22}},"loc":{"start":{"line":90,"column":27},"end":{"line":90,"column":61}},"line":90},"9":{"name":"(anonymous_9)","decl":{"start":{"line":91,"column":26},"end":{"line":91,"column":27}},"loc":{"start":{"line":91,"column":36},"end":{"line":91,"column":61}},"line":91},"10":{"name":"mapStateToProps","decl":{"start":{"line":143,"column":9},"end":{"line":143,"column":24}},"loc":{"start":{"line":143,"column":48},"end":{"line":149,"column":1}},"line":143}},"branchMap":{"0":{"loc":{"start":{"line":27,"column":4},"end":{"line":37,"column":5}},"type":"if","locations":[{"start":{"line":27,"column":4},"end":{"line":37,"column":5}},{"start":{"line":27,"column":4},"end":{"line":37,"column":5}}],"line":27},"1":{"loc":{"start":{"line":79,"column":19},"end":{"line":79,"column":75}},"type":"cond-expr","locations":[{"start":{"line":79,"column":42},"end":{"line":79,"column":60}},{"start":{"line":79,"column":63},"end":{"line":79,"column":75}}],"line":79},"2":{"loc":{"start":{"line":82,"column":11},"end":{"line":84,"column":11}},"type":"binary-expr","locations":[{"start":{"line":82,"column":11},"end":{"line":82,"column":32}},{"start":{"line":83,"column":12},"end":{"line":83,"column":76}}],"line":82},"3":{"loc":{"start":{"line":92,"column":19},"end":{"line":92,"column":75}},"type":"cond-expr","locations":[{"start":{"line":92,"column":42},"end":{"line":92,"column":60}},{"start":{"line":92,"column":63},"end":{"line":92,"column":75}}],"line":92},"4":{"loc":{"start":{"line":95,"column":11},"end":{"line":97,"column":11}},"type":"binary-expr","locations":[{"start":{"line":95,"column":11},"end":{"line":95,"column":32}},{"start":{"line":96,"column":12},"end":{"line":96,"column":76}}],"line":95},"5":{"loc":{"start":{"line":99,"column":63},"end":{"line":99,"column":95}},"type":"binary-expr","locations":[{"start":{"line":99,"column":63},"end":{"line":99,"column":78}},{"start":{"line":99,"column":82},"end":{"line":99,"column":95}}],"line":99}},"s":{"0":2,"1":1,"2":1,"3":1,"4":1,"5":1,"6":1,"7":1,"8":1,"9":1,"10":1,"11":1,"12":1,"13":1,"14":6,"15":6,"16":6,"17":6,"18":0,"19":0,"20":0,"21":0,"22":1,"23":0,"24":0},"f":{"0":2,"1":1,"2":1,"3":1,"4":1,"5":6,"6":0,"7":0,"8":0,"9":0,"10":0},"b":{"0":[1,1],"1":[1,5],"2":[6,0],"3":[1,5],"4":[6,0],"5":[6,1]},"_coverageSchema":"332fd63041d2c1bcb487cc26dd0d5f7d97098a6c","hash":"b3668c2d167a6dc869915c80b9d814440f5297ad"}
,"/Users/davidsage/Desktop/Flash Cards/flash-cards/components/NewDeck.js": {"path":"/Users/davidsage/Desktop/Flash Cards/flash-cards/components/NewDeck.js","statementMap":{"0":{"start":{"line":22,"column":22},"end":{"line":22,"column":32}},"1":{"start":{"line":23,"column":37},"end":{"line":23,"column":47}},"2":{"start":{"line":25,"column":4},"end":{"line":33,"column":8}},"3":{"start":{"line":25,"column":35},"end":{"line":33,"column":6}},"4":{"start":{"line":26,"column":6},"end":{"line":28,"column":10}},"5":{"start":{"line":29,"column":6},"end":{"line":32,"column":8}},"6":{"start":{"line":37,"column":35},"end":{"line":37,"column":45}},"7":{"start":{"line":38,"column":27},"end":{"line":38,"column":44}},"8":{"start":{"line":40,"column":4},"end":{"line":61,"column":6}},"9":{"start":{"line":48,"column":35},"end":{"line":48,"column":59}},"10":{"start":{"line":49,"column":27},"end":{"line":49,"column":63}},"11":{"start":{"line":65,"column":15},"end":{"line":98,"column":2}}},"fnMap":{"0":{"name":"(anonymous_0)","decl":{"start":{"line":21,"column":11},"end":{"line":21,"column":12}},"loc":{"start":{"line":21,"column":17},"end":{"line":34,"column":3}},"line":21},"1":{"name":"(anonymous_1)","decl":{"start":{"line":25,"column":29},"end":{"line":25,"column":30}},"loc":{"start":{"line":25,"column":35},"end":{"line":33,"column":6}},"line":25},"2":{"name":"(anonymous_2)","decl":{"start":{"line":25,"column":55},"end":{"line":25,"column":56}},"loc":{"start":{"line":25,"column":65},"end":{"line":33,"column":5}},"line":25},"3":{"name":"(anonymous_3)","decl":{"start":{"line":36,"column":2},"end":{"line":36,"column":3}},"loc":{"start":{"line":36,"column":11},"end":{"line":62,"column":3}},"line":36},"4":{"name":"(anonymous_4)","decl":{"start":{"line":48,"column":26},"end":{"line":48,"column":27}},"loc":{"start":{"line":48,"column":35},"end":{"line":48,"column":59}},"line":48},"5":{"name":"(anonymous_5)","decl":{"start":{"line":49,"column":21},"end":{"line":49,"column":22}},"loc":{"start":{"line":49,"column":27},"end":{"line":49,"column":63}},"line":49}},"branchMap":{"0":{"loc":{"start":{"line":50,"column":19},"end":{"line":50,"column":75}},"type":"cond-expr","locations":[{"start":{"line":50,"column":42},"end":{"line":50,"column":60}},{"start":{"line":50,"column":63},"end":{"line":50,"column":75}}],"line":50},"1":{"loc":{"start":{"line":53,"column":11},"end":{"line":55,"column":11}},"type":"binary-expr","locations":[{"start":{"line":53,"column":11},"end":{"line":53,"column":31}},{"start":{"line":54,"column":12},"end":{"line":54,"column":75}}],"line":53}},"s":{"0":0,"1":0,"2":0,"3":0,"4":0,"5":0,"6":1,"7":1,"8":1,"9":0,"10":0,"11":1},"f":{"0":0,"1":0,"2":0,"3":1,"4":0,"5":0},"b":{"0":[0,1],"1":[1,0]},"_coverageSchema":"332fd63041d2c1bcb487cc26dd0d5f7d97098a6c","hash":"1560c31ad63a78cb7db97a1e521472ba057c5ff5"}
,"/Users/davidsage/Desktop/Flash Cards/flash-cards/components/Profile.js": {"path":"/Users/davidsage/Desktop/Flash Cards/flash-cards/components/Profile.js","statementMap":{"0":{"start":{"line":21,"column":43},"end":{"line":21,"column":53}},"1":{"start":{"line":23,"column":4},"end":{"line":119,"column":6}},"2":{"start":{"line":35,"column":31},"end":{"line":35,"column":62}},"3":{"start":{"line":54,"column":96},"end":{"line":54,"column":127}},"4":{"start":{"line":67,"column":47},"end":{"line":67,"column":78}},"5":{"start":{"line":79,"column":14},"end":{"line":114,"column":24}},"6":{"start":{"line":83,"column":35},"end":{"line":86,"column":21}},"7":{"start":{"line":123,"column":15},"end":{"line":203,"column":2}},"8":{"start":{"line":206,"column":24},"end":{"line":206,"column":44}},"9":{"start":{"line":207,"column":21},"end":{"line":207,"column":23}},"10":{"start":{"line":210,"column":2},"end":{"line":216,"column":3}},"11":{"start":{"line":211,"column":4},"end":{"line":215,"column":5}},"12":{"start":{"line":212,"column":6},"end":{"line":214,"column":7}},"13":{"start":{"line":213,"column":8},"end":{"line":213,"column":42}},"14":{"start":{"line":218,"column":2},"end":{"line":228,"column":4}},"15":{"start":{"line":221,"column":28},"end":{"line":221,"column":32}},"16":{"start":{"line":223,"column":6},"end":{"line":226,"column":8}},"17":{"start":{"line":227,"column":22},"end":{"line":227,"column":47}}},"fnMap":{"0":{"name":"(anonymous_0)","decl":{"start":{"line":20,"column":2},"end":{"line":20,"column":3}},"loc":{"start":{"line":20,"column":11},"end":{"line":120,"column":3}},"line":20},"1":{"name":"(anonymous_1)","decl":{"start":{"line":35,"column":25},"end":{"line":35,"column":26}},"loc":{"start":{"line":35,"column":31},"end":{"line":35,"column":62}},"line":35},"2":{"name":"(anonymous_2)","decl":{"start":{"line":54,"column":90},"end":{"line":54,"column":91}},"loc":{"start":{"line":54,"column":96},"end":{"line":54,"column":127}},"line":54},"3":{"name":"(anonymous_3)","decl":{"start":{"line":67,"column":41},"end":{"line":67,"column":42}},"loc":{"start":{"line":67,"column":47},"end":{"line":67,"column":78}},"line":67},"4":{"name":"(anonymous_4)","decl":{"start":{"line":76,"column":24},"end":{"line":76,"column":25}},"loc":{"start":{"line":79,"column":14},"end":{"line":114,"column":24}},"line":79},"5":{"name":"(anonymous_5)","decl":{"start":{"line":83,"column":29},"end":{"line":83,"column":30}},"loc":{"start":{"line":83,"column":35},"end":{"line":86,"column":21}},"line":83},"6":{"name":"mapStateToProps","decl":{"start":{"line":205,"column":9},"end":{"line":205,"column":24}},"loc":{"start":{"line":205,"column":45},"end":{"line":229,"column":1}},"line":205},"7":{"name":"(anonymous_7)","decl":{"start":{"line":220,"column":41},"end":{"line":220,"column":42}},"loc":{"start":{"line":220,"column":51},"end":{"line":227,"column":5}},"line":220},"8":{"name":"(anonymous_8)","decl":{"start":{"line":227,"column":12},"end":{"line":227,"column":13}},"loc":{"start":{"line":227,"column":22},"end":{"line":227,"column":47}},"line":227}},"branchMap":{"0":{"loc":{"start":{"line":26,"column":11},"end":{"line":44,"column":13}},"type":"cond-expr","locations":[{"start":{"line":28,"column":14},"end":{"line":31,"column":16}},{"start":{"line":33,"column":14},"end":{"line":43,"column":33}}],"line":26},"1":{"loc":{"start":{"line":48,"column":11},"end":{"line":62,"column":13}},"type":"cond-expr","locations":[{"start":{"line":50,"column":14},"end":{"line":52,"column":21}},{"start":{"line":54,"column":14},"end":{"line":61,"column":33}}],"line":48},"2":{"loc":{"start":{"line":56,"column":19},"end":{"line":58,"column":91}},"type":"cond-expr","locations":[{"start":{"line":57,"column":22},"end":{"line":57,"column":92}},{"start":{"line":58,"column":22},"end":{"line":58,"column":91}}],"line":56},"3":{"loc":{"start":{"line":64,"column":11},"end":{"line":70,"column":13}},"type":"cond-expr","locations":[{"start":{"line":65,"column":14},"end":{"line":65,"column":98}},{"start":{"line":67,"column":14},"end":{"line":69,"column":33}}],"line":64},"4":{"loc":{"start":{"line":75,"column":11},"end":{"line":115,"column":77}},"type":"cond-expr","locations":[{"start":{"line":76,"column":14},"end":{"line":115,"column":14}},{"start":{"line":115,"column":17},"end":{"line":115,"column":77}}],"line":75},"5":{"loc":{"start":{"line":79,"column":14},"end":{"line":114,"column":24}},"type":"cond-expr","locations":[{"start":{"line":81,"column":18},"end":{"line":113,"column":37}},{"start":{"line":114,"column":20},"end":{"line":114,"column":24}}],"line":79},"6":{"loc":{"start":{"line":79,"column":14},"end":{"line":79,"column":56}},"type":"binary-expr","locations":[{"start":{"line":79,"column":14},"end":{"line":79,"column":30}},{"start":{"line":79,"column":34},"end":{"line":79,"column":56}}],"line":79},"7":{"loc":{"start":{"line":100,"column":29},"end":{"line":102,"column":63}},"type":"cond-expr","locations":[{"start":{"line":101,"column":32},"end":{"line":101,"column":64}},{"start":{"line":102,"column":32},"end":{"line":102,"column":63}}],"line":100},"8":{"loc":{"start":{"line":129,"column":12},"end":{"line":129,"column":45}},"type":"cond-expr","locations":[{"start":{"line":129,"column":36},"end":{"line":129,"column":39}},{"start":{"line":129,"column":42},"end":{"line":129,"column":45}}],"line":129},"9":{"loc":{"start":{"line":211,"column":4},"end":{"line":215,"column":5}},"type":"if","locations":[{"start":{"line":211,"column":4},"end":{"line":215,"column":5}},{"start":{"line":211,"column":4},"end":{"line":215,"column":5}}],"line":211},"10":{"loc":{"start":{"line":212,"column":6},"end":{"line":214,"column":7}},"type":"if","locations":[{"start":{"line":212,"column":6},"end":{"line":214,"column":7}},{"start":{"line":212,"column":6},"end":{"line":214,"column":7}}],"line":212},"11":{"loc":{"start":{"line":212,"column":10},"end":{"line":212,"column":63}},"type":"binary-expr","locations":[{"start":{"line":212,"column":10},"end":{"line":212,"column":26}},{"start":{"line":212,"column":30},"end":{"line":212,"column":63}}],"line":212}},"s":{"0":1,"1":1,"2":0,"3":0,"4":0,"5":2,"6":0,"7":1,"8":0,"9":0,"10":0,"11":0,"12":0,"13":0,"14":0,"15":0,"16":0,"17":0},"f":{"0":1,"1":0,"2":0,"3":0,"4":2,"5":0,"6":0,"7":0,"8":0},"b":{"0":[0,1],"1":[0,1],"2":[1,0],"3":[0,1],"4":[1,0],"5":[2,0],"6":[2,0],"7":[1,1],"8":[1,0],"9":[0,0],"10":[0,0],"11":[0,0]},"_coverageSchema":"332fd63041d2c1bcb487cc26dd0d5f7d97098a6c","hash":"1bc814e1f85ec0097daf9d88eee4a7789fd90004"}
,"/Users/davidsage/Desktop/Flash Cards/flash-cards/components/ProfilePic.js": {"path":"/Users/davidsage/Desktop/Flash Cards/flash-cards/components/ProfilePic.js","statementMap":{"0":{"start":{"line":8,"column":65},"end":{"line":8,"column":75}},"1":{"start":{"line":10,"column":4},"end":{"line":12,"column":5}},"2":{"start":{"line":11,"column":6},"end":{"line":11,"column":90}},"3":{"start":{"line":13,"column":4},"end":{"line":19,"column":5}},"4":{"start":{"line":14,"column":6},"end":{"line":18,"column":8}},"5":{"start":{"line":21,"column":4},"end":{"line":21,"column":88}},"6":{"start":{"line":26,"column":2},"end":{"line":28,"column":4}}},"fnMap":{"0":{"name":"(anonymous_0)","decl":{"start":{"line":7,"column":2},"end":{"line":7,"column":3}},"loc":{"start":{"line":7,"column":11},"end":{"line":22,"column":3}},"line":7},"1":{"name":"mapStateToProps","decl":{"start":{"line":25,"column":9},"end":{"line":25,"column":24}},"loc":{"start":{"line":25,"column":38},"end":{"line":29,"column":1}},"line":25}},"branchMap":{"0":{"loc":{"start":{"line":10,"column":4},"end":{"line":12,"column":5}},"type":"if","locations":[{"start":{"line":10,"column":4},"end":{"line":12,"column":5}},{"start":{"line":10,"column":4},"end":{"line":12,"column":5}}],"line":10},"1":{"loc":{"start":{"line":13,"column":4},"end":{"line":19,"column":5}},"type":"if","locations":[{"start":{"line":13,"column":4},"end":{"line":19,"column":5}},{"start":{"line":13,"column":4},"end":{"line":19,"column":5}}],"line":13},"2":{"loc":{"start":{"line":15,"column":8},"end":{"line":17,"column":79}},"type":"cond-expr","locations":[{"start":{"line":16,"column":12},"end":{"line":16,"column":85}},{"start":{"line":17,"column":12},"end":{"line":17,"column":79}}],"line":15}},"s":{"0":1,"1":1,"2":0,"3":1,"4":1,"5":0,"6":0},"f":{"0":1,"1":0},"b":{"0":[0,1],"1":[1,0],"2":[1,0]},"_coverageSchema":"332fd63041d2c1bcb487cc26dd0d5f7d97098a6c","hash":"a14dc9a3d06c4c10a74858a575a69232734e89b7"}
,"/Users/davidsage/Desktop/Flash Cards/flash-cards/components/Quiz.js": {"path":"/Users/davidsage/Desktop/Flash Cards/flash-cards/components/Quiz.js","statementMap":{"0":{"start":{"line":16,"column":21},"end":{"line":16,"column":31}},"1":{"start":{"line":17,"column":26},"end":{"line":17,"column":30}},"2":{"start":{"line":18,"column":46},"end":{"line":18,"column":56}},"3":{"start":{"line":20,"column":4},"end":{"line":27,"column":5}},"4":{"start":{"line":21,"column":6},"end":{"line":21,"column":34}},"5":{"start":{"line":23,"column":6},"end":{"line":26,"column":10}},"6":{"start":{"line":23,"column":27},"end":{"line":26,"column":7}},"7":{"start":{"line":31,"column":21},"end":{"line":31,"column":31}},"8":{"start":{"line":32,"column":26},"end":{"line":32,"column":30}},"9":{"start":{"line":33,"column":30},"end":{"line":33,"column":40}},"10":{"start":{"line":35,"column":4},"end":{"line":39,"column":5}},"11":{"start":{"line":36,"column":6},"end":{"line":36,"column":36}},"12":{"start":{"line":38,"column":6},"end":{"line":38,"column":66}},"13":{"start":{"line":38,"column":27},"end":{"line":38,"column":63}},"14":{"start":{"line":43,"column":31},"end":{"line":43,"column":41}},"15":{"start":{"line":44,"column":33},"end":{"line":44,"column":43}},"16":{"start":{"line":46,"column":4},"end":{"line":52,"column":6}},"17":{"start":{"line":54,"column":4},"end":{"line":57,"column":8}},"18":{"start":{"line":54,"column":25},"end":{"line":57,"column":5}},"19":{"start":{"line":61,"column":21},"end":{"line":61,"column":31}},"20":{"start":{"line":62,"column":26},"end":{"line":62,"column":30}},"21":{"start":{"line":63,"column":30},"end":{"line":63,"column":40}},"22":{"start":{"line":64,"column":31},"end":{"line":64,"column":63}},"23":{"start":{"line":66,"column":4},"end":{"line":84,"column":6}},"24":{"start":{"line":89,"column":26},"end":{"line":89,"column":49}},"25":{"start":{"line":91,"column":2},"end":{"line":93,"column":4}}},"fnMap":{"0":{"name":"(anonymous_0)","decl":{"start":{"line":15,"column":18},"end":{"line":15,"column":19}},"loc":{"start":{"line":15,"column":24},"end":{"line":28,"column":3}},"line":15},"1":{"name":"(anonymous_1)","decl":{"start":{"line":23,"column":20},"end":{"line":23,"column":21}},"loc":{"start":{"line":23,"column":27},"end":{"line":26,"column":7}},"line":23},"2":{"name":"(anonymous_2)","decl":{"start":{"line":30,"column":20},"end":{"line":30,"column":21}},"loc":{"start":{"line":30,"column":26},"end":{"line":40,"column":3}},"line":30},"3":{"name":"(anonymous_3)","decl":{"start":{"line":38,"column":20},"end":{"line":38,"column":21}},"loc":{"start":{"line":38,"column":27},"end":{"line":38,"column":63}},"line":38},"4":{"name":"(anonymous_4)","decl":{"start":{"line":42,"column":16},"end":{"line":42,"column":17}},"loc":{"start":{"line":42,"column":32},"end":{"line":58,"column":3}},"line":42},"5":{"name":"(anonymous_5)","decl":{"start":{"line":54,"column":18},"end":{"line":54,"column":19}},"loc":{"start":{"line":54,"column":25},"end":{"line":57,"column":5}},"line":54},"6":{"name":"(anonymous_6)","decl":{"start":{"line":60,"column":2},"end":{"line":60,"column":3}},"loc":{"start":{"line":60,"column":11},"end":{"line":85,"column":3}},"line":60},"7":{"name":"mapStateToProps","decl":{"start":{"line":88,"column":9},"end":{"line":88,"column":24}},"loc":{"start":{"line":88,"column":48},"end":{"line":94,"column":1}},"line":88}},"branchMap":{"0":{"loc":{"start":{"line":20,"column":4},"end":{"line":27,"column":5}},"type":"if","locations":[{"start":{"line":20,"column":4},"end":{"line":27,"column":5}},{"start":{"line":20,"column":4},"end":{"line":27,"column":5}}],"line":20},"1":{"loc":{"start":{"line":35,"column":4},"end":{"line":39,"column":5}},"type":"if","locations":[{"start":{"line":35,"column":4},"end":{"line":39,"column":5}},{"start":{"line":35,"column":4},"end":{"line":39,"column":5}}],"line":35},"2":{"loc":{"start":{"line":49,"column":24},"end":{"line":49,"column":86}},"type":"cond-expr","locations":[{"start":{"line":49,"column":51},"end":{"line":49,"column":69}},{"start":{"line":49,"column":72},"end":{"line":49,"column":86}}],"line":49}},"s":{"0":2,"1":2,"2":2,"3":2,"4":1,"5":1,"6":1,"7":2,"8":2,"9":2,"10":2,"11":1,"12":1,"13":1,"14":3,"15":3,"16":3,"17":3,"18":3,"19":15,"20":15,"21":15,"22":15,"23":15,"24":0,"25":0},"f":{"0":2,"1":1,"2":2,"3":1,"4":3,"5":3,"6":15,"7":0},"b":{"0":[1,1],"1":[1,1],"2":[2,1]},"_coverageSchema":"332fd63041d2c1bcb487cc26dd0d5f7d97098a6c","hash":"a7d046a2830a68c0ad3647e36a0a1c08993ef12d"}
,"/Users/davidsage/Desktop/Flash Cards/flash-cards/components/Results.js": {"path":"/Users/davidsage/Desktop/Flash Cards/flash-cards/components/Results.js","statementMap":{"0":{"start":{"line":16,"column":47},"end":{"line":16,"column":57}},"1":{"start":{"line":17,"column":27},"end":{"line":17,"column":85}},"2":{"start":{"line":18,"column":22},"end":{"line":18,"column":32}},"3":{"start":{"line":20,"column":4},"end":{"line":20,"column":63}},"4":{"start":{"line":21,"column":4},"end":{"line":21,"column":62}},"5":{"start":{"line":23,"column":4},"end":{"line":25,"column":7}},"6":{"start":{"line":24,"column":6},"end":{"line":24,"column":29}},"7":{"start":{"line":29,"column":37},"end":{"line":29,"column":47}},"8":{"start":{"line":30,"column":27},"end":{"line":30,"column":85}},"9":{"start":{"line":32,"column":4},"end":{"line":32,"column":26}},"10":{"start":{"line":36,"column":33},"end":{"line":36,"column":43}},"11":{"start":{"line":38,"column":4},"end":{"line":41,"column":6}},"12":{"start":{"line":45,"column":37},"end":{"line":45,"column":47}},"13":{"start":{"line":46,"column":20},"end":{"line":46,"column":40}},"14":{"start":{"line":48,"column":4},"end":{"line":81,"column":6}},"15":{"start":{"line":69,"column":27},"end":{"line":69,"column":44}},"16":{"start":{"line":75,"column":27},"end":{"line":75,"column":44}},"17":{"start":{"line":85,"column":15},"end":{"line":117,"column":2}},"18":{"start":{"line":120,"column":42},"end":{"line":120,"column":65}},"19":{"start":{"line":122,"column":2},"end":{"line":125,"column":4}}},"fnMap":{"0":{"name":"(anonymous_0)","decl":{"start":{"line":15,"column":2},"end":{"line":15,"column":3}},"loc":{"start":{"line":15,"column":22},"end":{"line":26,"column":3}},"line":15},"1":{"name":"(anonymous_1)","decl":{"start":{"line":23,"column":34},"end":{"line":23,"column":35}},"loc":{"start":{"line":23,"column":40},"end":{"line":25,"column":5}},"line":23},"2":{"name":"(anonymous_2)","decl":{"start":{"line":28,"column":18},"end":{"line":28,"column":19}},"loc":{"start":{"line":28,"column":24},"end":{"line":33,"column":3}},"line":28},"3":{"name":"(anonymous_3)","decl":{"start":{"line":35,"column":9},"end":{"line":35,"column":10}},"loc":{"start":{"line":35,"column":19},"end":{"line":42,"column":3}},"line":35},"4":{"name":"(anonymous_4)","decl":{"start":{"line":44,"column":2},"end":{"line":44,"column":3}},"loc":{"start":{"line":44,"column":11},"end":{"line":82,"column":3}},"line":44},"5":{"name":"(anonymous_5)","decl":{"start":{"line":69,"column":21},"end":{"line":69,"column":22}},"loc":{"start":{"line":69,"column":27},"end":{"line":69,"column":44}},"line":69},"6":{"name":"(anonymous_6)","decl":{"start":{"line":75,"column":21},"end":{"line":75,"column":22}},"loc":{"start":{"line":75,"column":27},"end":{"line":75,"column":44}},"line":75},"7":{"name":"mapStateToProps","decl":{"start":{"line":119,"column":9},"end":{"line":119,"column":24}},"loc":{"start":{"line":119,"column":48},"end":{"line":126,"column":1}},"line":119}},"branchMap":{"0":{"loc":{"start":{"line":59,"column":13},"end":{"line":61,"column":65}},"type":"cond-expr","locations":[{"start":{"line":60,"column":16},"end":{"line":60,"column":65}},{"start":{"line":61,"column":16},"end":{"line":61,"column":65}}],"line":59}},"s":{"0":4,"1":4,"2":4,"3":4,"4":4,"5":4,"6":0,"7":4,"8":4,"9":4,"10":1,"11":1,"12":3,"13":3,"14":3,"15":0,"16":0,"17":1,"18":0,"19":0},"f":{"0":4,"1":0,"2":4,"3":1,"4":3,"5":0,"6":0,"7":0},"b":{"0":[0,3]},"_coverageSchema":"332fd63041d2c1bcb487cc26dd0d5f7d97098a6c","hash":"a87976b8dd52315ccb22841fe5ce0a9a8a0a2618"}
,"/Users/davidsage/Desktop/Flash Cards/flash-cards/components/Settings.js": {"path":"/Users/davidsage/Desktop/Flash Cards/flash-cards/components/Settings.js","statementMap":{"0":{"start":{"line":29,"column":4},"end":{"line":34,"column":7}},"1":{"start":{"line":30,"column":6},"end":{"line":32,"column":7}},"2":{"start":{"line":31,"column":8},"end":{"line":31,"column":42}},"3":{"start":{"line":31,"column":29},"end":{"line":31,"column":39}},"4":{"start":{"line":33,"column":6},"end":{"line":33,"column":40}},"5":{"start":{"line":33,"column":27},"end":{"line":33,"column":37}},"6":{"start":{"line":38,"column":4},"end":{"line":44,"column":72}},"7":{"start":{"line":40,"column":8},"end":{"line":42,"column":9}},"8":{"start":{"line":41,"column":10},"end":{"line":41,"column":38}},"9":{"start":{"line":43,"column":8},"end":{"line":43,"column":42}},"10":{"start":{"line":43,"column":29},"end":{"line":43,"column":39}},"11":{"start":{"line":44,"column":21},"end":{"line":44,"column":70}},"12":{"start":{"line":44,"column":42},"end":{"line":44,"column":68}},"13":{"start":{"line":48,"column":37},"end":{"line":48,"column":47}},"14":{"start":{"line":50,"column":4},"end":{"line":73,"column":7}},"15":{"start":{"line":54,"column":6},"end":{"line":56,"column":7}},"16":{"start":{"line":55,"column":8},"end":{"line":55,"column":15}},"17":{"start":{"line":57,"column":6},"end":{"line":72,"column":37}},"18":{"start":{"line":63,"column":8},"end":{"line":69,"column":9}},"19":{"start":{"line":64,"column":10},"end":{"line":64,"column":36}},"20":{"start":{"line":65,"column":10},"end":{"line":65,"column":43}},"21":{"start":{"line":66,"column":15},"end":{"line":69,"column":9}},"22":{"start":{"line":67,"column":10},"end":{"line":67,"column":38}},"23":{"start":{"line":68,"column":10},"end":{"line":68,"column":42}},"24":{"start":{"line":71,"column":8},"end":{"line":71,"column":39}},"25":{"start":{"line":72,"column":15},"end":{"line":72,"column":35}},"26":{"start":{"line":77,"column":25},"end":{"line":77,"column":35}},"27":{"start":{"line":78,"column":25},"end":{"line":78,"column":35}},"28":{"start":{"line":80,"column":4},"end":{"line":80,"column":29}},"29":{"start":{"line":81,"column":4},"end":{"line":81,"column":37}},"30":{"start":{"line":83,"column":4},"end":{"line":86,"column":8}},"31":{"start":{"line":83,"column":25},"end":{"line":86,"column":5}},"32":{"start":{"line":88,"column":4},"end":{"line":88,"column":25}},"33":{"start":{"line":92,"column":25},"end":{"line":92,"column":35}},"34":{"start":{"line":94,"column":4},"end":{"line":99,"column":9}},"35":{"start":{"line":96,"column":8},"end":{"line":96,"column":42}},"36":{"start":{"line":98,"column":8},"end":{"line":98,"column":29}},"37":{"start":{"line":103,"column":27},"end":{"line":103,"column":37}},"38":{"start":{"line":104,"column":4},"end":{"line":106,"column":12}},"39":{"start":{"line":105,"column":6},"end":{"line":105,"column":32}},"40":{"start":{"line":110,"column":26},"end":{"line":110,"column":36}},"41":{"start":{"line":112,"column":4},"end":{"line":120,"column":5}},"42":{"start":{"line":113,"column":6},"end":{"line":117,"column":10}},"43":{"start":{"line":113,"column":27},"end":{"line":117,"column":7}},"44":{"start":{"line":119,"column":6},"end":{"line":119,"column":50}},"45":{"start":{"line":119,"column":27},"end":{"line":119,"column":47}},"46":{"start":{"line":124,"column":57},"end":{"line":124,"column":67}},"47":{"start":{"line":126,"column":4},"end":{"line":135,"column":5}},"48":{"start":{"line":127,"column":6},"end":{"line":134,"column":8}},"49":{"start":{"line":137,"column":4},"end":{"line":151,"column":5}},"50":{"start":{"line":138,"column":6},"end":{"line":150,"column":8}},"51":{"start":{"line":153,"column":4},"end":{"line":191,"column":6}},"52":{"start":{"line":155,"column":61},"end":{"line":155,"column":83}},"53":{"start":{"line":165,"column":33},"end":{"line":165,"column":69}},"54":{"start":{"line":166,"column":44},"end":{"line":166,"column":71}},"55":{"start":{"line":181,"column":61},"end":{"line":181,"column":89}},"56":{"start":{"line":184,"column":61},"end":{"line":184,"column":88}},"57":{"start":{"line":187,"column":61},"end":{"line":187,"column":81}},"58":{"start":{"line":195,"column":15},"end":{"line":236,"column":2}}},"fnMap":{"0":{"name":"(anonymous_0)","decl":{"start":{"line":28,"column":2},"end":{"line":28,"column":3}},"loc":{"start":{"line":28,"column":22},"end":{"line":35,"column":3}},"line":28},"1":{"name":"(anonymous_1)","decl":{"start":{"line":29,"column":31},"end":{"line":29,"column":32}},"loc":{"start":{"line":29,"column":43},"end":{"line":34,"column":5}},"line":29},"2":{"name":"(anonymous_2)","decl":{"start":{"line":31,"column":22},"end":{"line":31,"column":23}},"loc":{"start":{"line":31,"column":29},"end":{"line":31,"column":39}},"line":31},"3":{"name":"(anonymous_3)","decl":{"start":{"line":33,"column":20},"end":{"line":33,"column":21}},"loc":{"start":{"line":33,"column":27},"end":{"line":33,"column":37}},"line":33},"4":{"name":"(anonymous_4)","decl":{"start":{"line":37,"column":18},"end":{"line":37,"column":19}},"loc":{"start":{"line":37,"column":28},"end":{"line":45,"column":3}},"line":37},"5":{"name":"(anonymous_5)","decl":{"start":{"line":39,"column":12},"end":{"line":39,"column":13}},"loc":{"start":{"line":39,"column":28},"end":{"line":44,"column":7}},"line":39},"6":{"name":"(anonymous_6)","decl":{"start":{"line":43,"column":22},"end":{"line":43,"column":23}},"loc":{"start":{"line":43,"column":29},"end":{"line":43,"column":39}},"line":43},"7":{"name":"(anonymous_7)","decl":{"start":{"line":44,"column":15},"end":{"line":44,"column":16}},"loc":{"start":{"line":44,"column":21},"end":{"line":44,"column":70}},"line":44},"8":{"name":"(anonymous_8)","decl":{"start":{"line":44,"column":35},"end":{"line":44,"column":36}},"loc":{"start":{"line":44,"column":42},"end":{"line":44,"column":68}},"line":44},"9":{"name":"(anonymous_9)","decl":{"start":{"line":47,"column":14},"end":{"line":47,"column":15}},"loc":{"start":{"line":47,"column":24},"end":{"line":74,"column":3}},"line":47},"10":{"name":"(anonymous_10)","decl":{"start":{"line":53,"column":12},"end":{"line":53,"column":13}},"loc":{"start":{"line":53,"column":24},"end":{"line":73,"column":5}},"line":53},"11":{"name":"(anonymous_11)","decl":{"start":{"line":62,"column":9},"end":{"line":62,"column":10}},"loc":{"start":{"line":62,"column":15},"end":{"line":72,"column":7}},"line":62},"12":{"name":"(anonymous_12)","decl":{"start":{"line":72,"column":9},"end":{"line":72,"column":10}},"loc":{"start":{"line":72,"column":15},"end":{"line":72,"column":35}},"line":72},"13":{"name":"(anonymous_13)","decl":{"start":{"line":76,"column":19},"end":{"line":76,"column":20}},"loc":{"start":{"line":76,"column":25},"end":{"line":89,"column":3}},"line":76},"14":{"name":"(anonymous_14)","decl":{"start":{"line":83,"column":18},"end":{"line":83,"column":19}},"loc":{"start":{"line":83,"column":25},"end":{"line":86,"column":5}},"line":83},"15":{"name":"(anonymous_15)","decl":{"start":{"line":91,"column":18},"end":{"line":91,"column":19}},"loc":{"start":{"line":91,"column":24},"end":{"line":100,"column":3}},"line":91},"16":{"name":"(anonymous_16)","decl":{"start":{"line":95,"column":12},"end":{"line":95,"column":13}},"loc":{"start":{"line":95,"column":25},"end":{"line":97,"column":7}},"line":95},"17":{"name":"(anonymous_17)","decl":{"start":{"line":97,"column":14},"end":{"line":97,"column":15}},"loc":{"start":{"line":97,"column":20},"end":{"line":99,"column":7}},"line":97},"18":{"name":"(anonymous_18)","decl":{"start":{"line":102,"column":9},"end":{"line":102,"column":10}},"loc":{"start":{"line":102,"column":19},"end":{"line":107,"column":3}},"line":102},"19":{"name":"(anonymous_19)","decl":{"start":{"line":104,"column":15},"end":{"line":104,"column":16}},"loc":{"start":{"line":104,"column":21},"end":{"line":106,"column":5}},"line":104},"20":{"name":"(anonymous_20)","decl":{"start":{"line":109,"column":20},"end":{"line":109,"column":21}},"loc":{"start":{"line":109,"column":26},"end":{"line":121,"column":3}},"line":109},"21":{"name":"(anonymous_21)","decl":{"start":{"line":113,"column":20},"end":{"line":113,"column":21}},"loc":{"start":{"line":113,"column":27},"end":{"line":117,"column":7}},"line":113},"22":{"name":"(anonymous_22)","decl":{"start":{"line":119,"column":20},"end":{"line":119,"column":21}},"loc":{"start":{"line":119,"column":27},"end":{"line":119,"column":47}},"line":119},"23":{"name":"(anonymous_23)","decl":{"start":{"line":123,"column":2},"end":{"line":123,"column":3}},"loc":{"start":{"line":123,"column":11},"end":{"line":192,"column":3}},"line":123},"24":{"name":"(anonymous_24)","decl":{"start":{"line":155,"column":55},"end":{"line":155,"column":56}},"loc":{"start":{"line":155,"column":61},"end":{"line":155,"column":83}},"line":155},"25":{"name":"(anonymous_25)","decl":{"start":{"line":165,"column":27},"end":{"line":165,"column":28}},"loc":{"start":{"line":165,"column":33},"end":{"line":165,"column":69}},"line":165},"26":{"name":"(anonymous_26)","decl":{"start":{"line":166,"column":32},"end":{"line":166,"column":33}},"loc":{"start":{"line":166,"column":44},"end":{"line":166,"column":71}},"line":166},"27":{"name":"(anonymous_27)","decl":{"start":{"line":181,"column":55},"end":{"line":181,"column":56}},"loc":{"start":{"line":181,"column":61},"end":{"line":181,"column":89}},"line":181},"28":{"name":"(anonymous_28)","decl":{"start":{"line":184,"column":55},"end":{"line":184,"column":56}},"loc":{"start":{"line":184,"column":61},"end":{"line":184,"column":88}},"line":184},"29":{"name":"(anonymous_29)","decl":{"start":{"line":187,"column":55},"end":{"line":187,"column":56}},"loc":{"start":{"line":187,"column":61},"end":{"line":187,"column":81}},"line":187}},"branchMap":{"0":{"loc":{"start":{"line":30,"column":6},"end":{"line":32,"column":7}},"type":"if","locations":[{"start":{"line":30,"column":6},"end":{"line":32,"column":7}},{"start":{"line":30,"column":6},"end":{"line":32,"column":7}}],"line":30},"1":{"loc":{"start":{"line":40,"column":8},"end":{"line":42,"column":9}},"type":"if","locations":[{"start":{"line":40,"column":8},"end":{"line":42,"column":9}},{"start":{"line":40,"column":8},"end":{"line":42,"column":9}}],"line":40},"2":{"loc":{"start":{"line":54,"column":6},"end":{"line":56,"column":7}},"type":"if","locations":[{"start":{"line":54,"column":6},"end":{"line":56,"column":7}},{"start":{"line":54,"column":6},"end":{"line":56,"column":7}}],"line":54},"3":{"loc":{"start":{"line":63,"column":8},"end":{"line":69,"column":9}},"type":"if","locations":[{"start":{"line":63,"column":8},"end":{"line":69,"column":9}},{"start":{"line":63,"column":8},"end":{"line":69,"column":9}}],"line":63},"4":{"loc":{"start":{"line":66,"column":15},"end":{"line":69,"column":9}},"type":"if","locations":[{"start":{"line":66,"column":15},"end":{"line":69,"column":9}},{"start":{"line":66,"column":15},"end":{"line":69,"column":9}}],"line":66},"5":{"loc":{"start":{"line":112,"column":4},"end":{"line":120,"column":5}},"type":"if","locations":[{"start":{"line":112,"column":4},"end":{"line":120,"column":5}},{"start":{"line":112,"column":4},"end":{"line":120,"column":5}}],"line":112},"6":{"loc":{"start":{"line":126,"column":4},"end":{"line":135,"column":5}},"type":"if","locations":[{"start":{"line":126,"column":4},"end":{"line":135,"column":5}},{"start":{"line":126,"column":4},"end":{"line":135,"column":5}}],"line":126},"7":{"loc":{"start":{"line":137,"column":4},"end":{"line":151,"column":5}},"type":"if","locations":[{"start":{"line":137,"column":4},"end":{"line":151,"column":5}},{"start":{"line":137,"column":4},"end":{"line":151,"column":5}}],"line":137},"8":{"loc":{"start":{"line":157,"column":11},"end":{"line":178,"column":18}},"type":"cond-expr","locations":[{"start":{"line":159,"column":14},"end":{"line":176,"column":21}},{"start":{"line":178,"column":14},"end":{"line":178,"column":18}}],"line":157},"9":{"loc":{"start":{"line":167,"column":25},"end":{"line":167,"column":83}},"type":"cond-expr","locations":[{"start":{"line":167,"column":48},"end":{"line":167,"column":68}},{"start":{"line":167,"column":71},"end":{"line":167,"column":83}}],"line":167}},"s":{"0":5,"1":0,"2":0,"3":0,"4":0,"5":0,"6":0,"7":0,"8":0,"9":0,"10":0,"11":0,"12":0,"13":0,"14":0,"15":0,"16":0,"17":0,"18":0,"19":0,"20":0,"21":0,"22":0,"23":0,"24":0,"25":0,"26":1,"27":1,"28":1,"29":1,"30":1,"31":1,"32":1,"33":0,"34":0,"35":0,"36":0,"37":2,"38":2,"39":2,"40":2,"41":2,"42":1,"43":1,"44":1,"45":1,"46":11,"47":11,"48":0,"49":11,"50":0,"51":11,"52":0,"53":0,"54":0,"55":0,"56":0,"57":0,"58":1},"f":{"0":5,"1":0,"2":0,"3":0,"4":0,"5":0,"6":0,"7":0,"8":0,"9":0,"10":0,"11":0,"12":0,"13":1,"14":1,"15":0,"16":0,"17":0,"18":2,"19":2,"20":2,"21":1,"22":1,"23":11,"24":0,"25":0,"26":0,"27":0,"28":0,"29":0},"b":{"0":[0,0],"1":[0,0],"2":[0,0],"3":[0,0],"4":[0,0],"5":[1,1],"6":[0,11],"7":[0,11],"8":[3,8],"9":[0,3]},"_coverageSchema":"332fd63041d2c1bcb487cc26dd0d5f7d97098a6c","hash":"481ebcc2ba53ab311290aeeb07bb7668b6d9361d"}
,"/Users/davidsage/Desktop/Flash Cards/flash-cards/reducers/decks.js": {"path":"/Users/davidsage/Desktop/Flash Cards/flash-cards/reducers/decks.js","statementMap":{"0":{"start":{"line":9,"column":2},"end":{"line":39,"column":3}},"1":{"start":{"line":11,"column":6},"end":{"line":14,"column":8}},"2":{"start":{"line":16,"column":6},"end":{"line":19,"column":8}},"3":{"start":{"line":21,"column":6},"end":{"line":27,"column":8}},"4":{"start":{"line":29,"column":6},"end":{"line":36,"column":8}},"5":{"start":{"line":38,"column":6},"end":{"line":38,"column":19}}},"fnMap":{"0":{"name":"decks","decl":{"start":{"line":8,"column":24},"end":{"line":8,"column":29}},"loc":{"start":{"line":8,"column":50},"end":{"line":40,"column":1}},"line":8}},"branchMap":{"0":{"loc":{"start":{"line":8,"column":30},"end":{"line":8,"column":40}},"type":"default-arg","locations":[{"start":{"line":8,"column":38},"end":{"line":8,"column":40}}],"line":8},"1":{"loc":{"start":{"line":9,"column":2},"end":{"line":39,"column":3}},"type":"switch","locations":[{"start":{"line":10,"column":4},"end":{"line":14,"column":8}},{"start":{"line":15,"column":4},"end":{"line":19,"column":8}},{"start":{"line":20,"column":4},"end":{"line":27,"column":8}},{"start":{"line":28,"column":4},"end":{"line":36,"column":8}},{"start":{"line":37,"column":4},"end":{"line":38,"column":19}}],"line":9}},"s":{"0":5,"1":1,"2":1,"3":1,"4":1,"5":1},"f":{"0":5},"b":{"0":[1],"1":[1,1,1,1,1]},"_coverageSchema":"332fd63041d2c1bcb487cc26dd0d5f7d97098a6c","hash":"6c9d7c6a971b81929f43af7cdab65a3cc767ca0d"}
,"/Users/davidsage/Desktop/Flash Cards/flash-cards/reducers/profile.js": {"path":"/Users/davidsage/Desktop/Flash Cards/flash-cards/reducers/profile.js","statementMap":{"0":{"start":{"line":9,"column":2},"end":{"line":32,"column":3}},"1":{"start":{"line":11,"column":6},"end":{"line":14,"column":8}},"2":{"start":{"line":16,"column":6},"end":{"line":19,"column":8}},"3":{"start":{"line":21,"column":6},"end":{"line":24,"column":8}},"4":{"start":{"line":26,"column":6},"end":{"line":29,"column":8}},"5":{"start":{"line":31,"column":6},"end":{"line":31,"column":19}}},"fnMap":{"0":{"name":"profile","decl":{"start":{"line":8,"column":24},"end":{"line":8,"column":31}},"loc":{"start":{"line":8,"column":52},"end":{"line":33,"column":1}},"line":8}},"branchMap":{"0":{"loc":{"start":{"line":8,"column":32},"end":{"line":8,"column":42}},"type":"default-arg","locations":[{"start":{"line":8,"column":40},"end":{"line":8,"column":42}}],"line":8},"1":{"loc":{"start":{"line":9,"column":2},"end":{"line":32,"column":3}},"type":"switch","locations":[{"start":{"line":10,"column":4},"end":{"line":14,"column":8}},{"start":{"line":15,"column":4},"end":{"line":19,"column":8}},{"start":{"line":20,"column":4},"end":{"line":24,"column":8}},{"start":{"line":25,"column":4},"end":{"line":29,"column":8}},{"start":{"line":30,"column":4},"end":{"line":31,"column":19}}],"line":9}},"s":{"0":4,"1":1,"2":1,"3":1,"4":1,"5":0},"f":{"0":4},"b":{"0":[1],"1":[1,1,1,1,0]},"_coverageSchema":"332fd63041d2c1bcb487cc26dd0d5f7d97098a6c","hash":"b4be530830d736adf8f264cdd9dd5cdbde0e63bd"}
,"/Users/davidsage/Desktop/Flash Cards/flash-cards/utils/api.js": {"path":"/Users/davidsage/Desktop/Flash Cards/flash-cards/utils/api.js","statementMap":{"0":{"start":{"line":11,"column":24},"end":{"line":19,"column":1}},"1":{"start":{"line":12,"column":2},"end":{"line":18,"column":3}},"2":{"start":{"line":13,"column":18},"end":{"line":13,"column":76}},"3":{"start":{"line":15,"column":4},"end":{"line":15,"column":17}},"4":{"start":{"line":17,"column":4},"end":{"line":17,"column":31}},"5":{"start":{"line":21,"column":23},"end":{"line":29,"column":1}},"6":{"start":{"line":22,"column":2},"end":{"line":28,"column":3}},"7":{"start":{"line":23,"column":18},"end":{"line":23,"column":69}},"8":{"start":{"line":25,"column":4},"end":{"line":25,"column":28}},"9":{"start":{"line":27,"column":4},"end":{"line":27,"column":31}},"10":{"start":{"line":31,"column":29},"end":{"line":45,"column":1}},"11":{"start":{"line":32,"column":2},"end":{"line":44,"column":3}},"12":{"start":{"line":33,"column":17},"end":{"line":33,"column":68}},"13":{"start":{"line":34,"column":25},"end":{"line":34,"column":50}},"14":{"start":{"line":35,"column":4},"end":{"line":35,"column":28}},"15":{"start":{"line":37,"column":4},"end":{"line":41,"column":8}},"16":{"start":{"line":43,"column":4},"end":{"line":43,"column":56}},"17":{"start":{"line":47,"column":28},"end":{"line":53,"column":1}},"18":{"start":{"line":48,"column":2},"end":{"line":52,"column":3}},"19":{"start":{"line":49,"column":4},"end":{"line":49,"column":68}},"20":{"start":{"line":51,"column":4},"end":{"line":51,"column":31}},"21":{"start":{"line":55,"column":26},"end":{"line":65,"column":1}},"22":{"start":{"line":56,"column":2},"end":{"line":64,"column":3}},"23":{"start":{"line":57,"column":17},"end":{"line":57,"column":68}},"24":{"start":{"line":58,"column":4},"end":{"line":58,"column":26}},"25":{"start":{"line":59,"column":4},"end":{"line":59,"column":21}},"26":{"start":{"line":61,"column":4},"end":{"line":61,"column":66}},"27":{"start":{"line":63,"column":4},"end":{"line":63,"column":31}},"28":{"start":{"line":67,"column":35},"end":{"line":78,"column":1}},"29":{"start":{"line":68,"column":2},"end":{"line":77,"column":3}},"30":{"start":{"line":69,"column":4},"end":{"line":74,"column":8}},"31":{"start":{"line":76,"column":4},"end":{"line":76,"column":31}},"32":{"start":{"line":81,"column":26},"end":{"line":90,"column":1}},"33":{"start":{"line":82,"column":2},"end":{"line":89,"column":3}},"34":{"start":{"line":83,"column":20},"end":{"line":84,"column":53}},"35":{"start":{"line":84,"column":23},"end":{"line":84,"column":52}},"36":{"start":{"line":86,"column":4},"end":{"line":86,"column":19}},"37":{"start":{"line":88,"column":4},"end":{"line":88,"column":31}},"38":{"start":{"line":92,"column":29},"end":{"line":101,"column":1}},"39":{"start":{"line":93,"column":2},"end":{"line":100,"column":3}},"40":{"start":{"line":94,"column":20},"end":{"line":95,"column":45}},"41":{"start":{"line":95,"column":18},"end":{"line":95,"column":44}},"42":{"start":{"line":97,"column":4},"end":{"line":97,"column":19}},"43":{"start":{"line":99,"column":4},"end":{"line":99,"column":31}},"44":{"start":{"line":103,"column":29},"end":{"line":111,"column":1}},"45":{"start":{"line":104,"column":2},"end":{"line":110,"column":3}},"46":{"start":{"line":105,"column":4},"end":{"line":107,"column":8}},"47":{"start":{"line":109,"column":4},"end":{"line":109,"column":31}},"48":{"start":{"line":113,"column":31},"end":{"line":121,"column":1}},"49":{"start":{"line":114,"column":2},"end":{"line":120,"column":3}},"50":{"start":{"line":115,"column":4},"end":{"line":117,"column":8}},"51":{"start":{"line":119,"column":4},"end":{"line":119,"column":31}},"52":{"start":{"line":123,"column":30},"end":{"line":131,"column":1}},"53":{"start":{"line":124,"column":2},"end":{"line":130,"column":3}},"54":{"start":{"line":125,"column":4},"end":{"line":127,"column":8}},"55":{"start":{"line":129,"column":4},"end":{"line":129,"column":31}}},"fnMap":{"0":{"name":"(anonymous_0)","decl":{"start":{"line":11,"column":24},"end":{"line":11,"column":25}},"loc":{"start":{"line":11,"column":36},"end":{"line":19,"column":1}},"line":11},"1":{"name":"(anonymous_1)","decl":{"start":{"line":21,"column":23},"end":{"line":21,"column":24}},"loc":{"start":{"line":21,"column":44},"end":{"line":29,"column":1}},"line":21},"2":{"name":"(anonymous_2)","decl":{"start":{"line":31,"column":29},"end":{"line":31,"column":30}},"loc":{"start":{"line":31,"column":56},"end":{"line":45,"column":1}},"line":31},"3":{"name":"(anonymous_3)","decl":{"start":{"line":47,"column":28},"end":{"line":47,"column":29}},"loc":{"start":{"line":47,"column":45},"end":{"line":53,"column":1}},"line":47},"4":{"name":"(anonymous_4)","decl":{"start":{"line":55,"column":26},"end":{"line":55,"column":27}},"loc":{"start":{"line":55,"column":41},"end":{"line":65,"column":1}},"line":55},"5":{"name":"(anonymous_5)","decl":{"start":{"line":67,"column":35},"end":{"line":67,"column":36}},"loc":{"start":{"line":67,"column":74},"end":{"line":78,"column":1}},"line":67},"6":{"name":"(anonymous_6)","decl":{"start":{"line":81,"column":26},"end":{"line":81,"column":27}},"loc":{"start":{"line":81,"column":38},"end":{"line":90,"column":1}},"line":81},"7":{"name":"(anonymous_7)","decl":{"start":{"line":84,"column":12},"end":{"line":84,"column":13}},"loc":{"start":{"line":84,"column":23},"end":{"line":84,"column":52}},"line":84},"8":{"name":"(anonymous_8)","decl":{"start":{"line":92,"column":29},"end":{"line":92,"column":30}},"loc":{"start":{"line":92,"column":41},"end":{"line":101,"column":1}},"line":92},"9":{"name":"(anonymous_9)","decl":{"start":{"line":95,"column":12},"end":{"line":95,"column":13}},"loc":{"start":{"line":95,"column":18},"end":{"line":95,"column":44}},"line":95},"10":{"name":"(anonymous_10)","decl":{"start":{"line":103,"column":29},"end":{"line":103,"column":30}},"loc":{"start":{"line":103,"column":46},"end":{"line":111,"column":1}},"line":103},"11":{"name":"(anonymous_11)","decl":{"start":{"line":113,"column":31},"end":{"line":113,"column":32}},"loc":{"start":{"line":113,"column":48},"end":{"line":121,"column":1}},"line":113},"12":{"name":"(anonymous_12)","decl":{"start":{"line":123,"column":30},"end":{"line":123,"column":31}},"loc":{"start":{"line":123,"column":50},"end":{"line":131,"column":1}},"line":123}},"branchMap":{},"s":{"0":8,"1":2,"2":2,"3":1,"4":0,"5":8,"6":1,"7":1,"8":1,"9":0,"10":8,"11":1,"12":1,"13":1,"14":1,"15":1,"16":0,"17":8,"18":1,"19":1,"20":0,"21":8,"22":1,"23":1,"24":1,"25":1,"26":1,"27":0,"28":8,"29":1,"30":1,"31":0,"32":8,"33":2,"34":2,"35":1,"36":1,"37":0,"38":8,"39":1,"40":1,"41":1,"42":1,"43":0,"44":8,"45":1,"46":1,"47":0,"48":8,"49":1,"50":1,"51":0,"52":8,"53":1,"54":1,"55":0},"f":{"0":2,"1":1,"2":1,"3":1,"4":1,"5":1,"6":2,"7":1,"8":1,"9":1,"10":1,"11":1,"12":1},"b":{},"_coverageSchema":"332fd63041d2c1bcb487cc26dd0d5f7d97098a6c","hash":"c59f8a37e8190eefce466f966790e1e10beafc20"}
,"/Users/davidsage/Desktop/Flash Cards/flash-cards/utils/colors.js": {"path":"/Users/davidsage/Desktop/Flash Cards/flash-cards/utils/colors.js","statementMap":{"0":{"start":{"line":1,"column":20},"end":{"line":1,"column":29}},"1":{"start":{"line":2,"column":25},"end":{"line":2,"column":34}},"2":{"start":{"line":3,"column":21},"end":{"line":3,"column":27}},"3":{"start":{"line":4,"column":21},"end":{"line":4,"column":30}},"4":{"start":{"line":5,"column":19},"end":{"line":5,"column":28}},"5":{"start":{"line":6,"column":25},"end":{"line":6,"column":34}},"6":{"start":{"line":7,"column":25},"end":{"line":7,"column":34}},"7":{"start":{"line":8,"column":22},"end":{"line":8,"column":31}}},"fnMap":{},"branchMap":{},"s":{"0":11,"1":11,"2":11,"3":11,"4":11,"5":11,"6":11,"7":11},"f":{},"b":{},"_coverageSchema":"332fd63041d2c1bcb487cc26dd0d5f7d97098a6c","hash":"23cfe529fa938a447623868454bc1051112dfa1f"}
,"/Users/davidsage/Desktop/Flash Cards/flash-cards/utils/data.js": {"path":"/Users/davidsage/Desktop/Flash Cards/flash-cards/utils/data.js","statementMap":{"0":{"start":{"line":3,"column":27},"end":{"line":3,"column":45}},"1":{"start":{"line":4,"column":27},"end":{"line":4,"column":47}},"2":{"start":{"line":7,"column":15},"end":{"line":34,"column":3}},"3":{"start":{"line":36,"column":2},"end":{"line":38,"column":17}},"4":{"start":{"line":42,"column":15},"end":{"line":48,"column":3}},"5":{"start":{"line":50,"column":2},"end":{"line":52,"column":20}},"6":{"start":{"line":59,"column":6},"end":{"line":59,"column":16}},"7":{"start":{"line":60,"column":18},"end":{"line":60,"column":20}},"8":{"start":{"line":62,"column":2},"end":{"line":65,"column":4}},"9":{"start":{"line":67,"column":2},"end":{"line":67,"column":63}},"10":{"start":{"line":69,"column":2},"end":{"line":69,"column":19}},"11":{"start":{"line":73,"column":2},"end":{"line":75,"column":26}},"12":{"start":{"line":79,"column":20},"end":{"line":79,"column":30}},"13":{"start":{"line":81,"column":2},"end":{"line":87,"column":5}},"14":{"start":{"line":91,"column":22},"end":{"line":91,"column":34}},"15":{"start":{"line":93,"column":2},"end":{"line":93,"column":61}},"16":{"start":{"line":95,"column":2},"end":{"line":95,"column":17}},"17":{"start":{"line":99,"column":2},"end":{"line":101,"column":26}}},"fnMap":{"0":{"name":"getDecks","decl":{"start":{"line":6,"column":9},"end":{"line":6,"column":17}},"loc":{"start":{"line":6,"column":24},"end":{"line":39,"column":1}},"line":6},"1":{"name":"getProfile","decl":{"start":{"line":41,"column":9},"end":{"line":41,"column":19}},"loc":{"start":{"line":41,"column":29},"end":{"line":53,"column":1}},"line":41},"2":{"name":"setDummyData","decl":{"start":{"line":55,"column":9},"end":{"line":55,"column":21}},"loc":{"start":{"line":55,"column":24},"end":{"line":70,"column":1}},"line":55},"3":{"name":"formatDeckResults","decl":{"start":{"line":72,"column":16},"end":{"line":72,"column":33}},"loc":{"start":{"line":72,"column":43},"end":{"line":76,"column":1}},"line":72},"4":{"name":"formatNewDeck","decl":{"start":{"line":78,"column":16},"end":{"line":78,"column":29}},"loc":{"start":{"line":78,"column":41},"end":{"line":88,"column":1}},"line":78},"5":{"name":"setDummyProfile","decl":{"start":{"line":90,"column":9},"end":{"line":90,"column":24}},"loc":{"start":{"line":90,"column":27},"end":{"line":96,"column":1}},"line":90},"6":{"name":"formatProfileResults","decl":{"start":{"line":98,"column":16},"end":{"line":98,"column":36}},"loc":{"start":{"line":98,"column":46},"end":{"line":102,"column":1}},"line":98}},"branchMap":{"0":{"loc":{"start":{"line":36,"column":9},"end":{"line":38,"column":16}},"type":"cond-expr","locations":[{"start":{"line":37,"column":6},"end":{"line":37,"column":10}},{"start":{"line":38,"column":6},"end":{"line":38,"column":16}}],"line":36},"1":{"loc":{"start":{"line":50,"column":9},"end":{"line":52,"column":19}},"type":"cond-expr","locations":[{"start":{"line":51,"column":6},"end":{"line":51,"column":10}},{"start":{"line":52,"column":6},"end":{"line":52,"column":19}}],"line":50},"2":{"loc":{"start":{"line":73,"column":9},"end":{"line":75,"column":25}},"type":"cond-expr","locations":[{"start":{"line":74,"column":6},"end":{"line":74,"column":20}},{"start":{"line":75,"column":6},"end":{"line":75,"column":25}}],"line":73},"3":{"loc":{"start":{"line":99,"column":9},"end":{"line":101,"column":25}},"type":"cond-expr","locations":[{"start":{"line":100,"column":6},"end":{"line":100,"column":23}},{"start":{"line":101,"column":6},"end":{"line":101,"column":25}}],"line":99}},"s":{"0":9,"1":9,"2":0,"3":0,"4":2,"5":2,"6":0,"7":0,"8":0,"9":0,"10":0,"11":2,"12":2,"13":2,"14":2,"15":2,"16":2,"17":4},"f":{"0":0,"1":2,"2":0,"3":2,"4":2,"5":2,"6":4},"b":{"0":[0,0],"1":[2,0],"2":[0,2],"3":[2,2]},"_coverageSchema":"332fd63041d2c1bcb487cc26dd0d5f7d97098a6c","hash":"42db7d5fa62b89ed92e78416dcebf668dee1cb91"}
,"/Users/davidsage/Desktop/Flash Cards/flash-cards/utils/helpers.js": {"path":"/Users/davidsage/Desktop/Flash Cards/flash-cards/utils/helpers.js","statementMap":{"0":{"start":{"line":5,"column":25},"end":{"line":5,"column":51}},"1":{"start":{"line":7,"column":30},"end":{"line":13,"column":3}},"2":{"start":{"line":7,"column":36},"end":{"line":13,"column":3}},"3":{"start":{"line":10,"column":31},"end":{"line":13,"column":1}},"4":{"start":{"line":16,"column":15},"end":{"line":16,"column":34}},"5":{"start":{"line":17,"column":19},"end":{"line":17,"column":80}},"6":{"start":{"line":18,"column":2},"end":{"line":18,"column":46}},"7":{"start":{"line":22,"column":2},"end":{"line":23,"column":62}},"8":{"start":{"line":27,"column":2},"end":{"line":39,"column":4}},"9":{"start":{"line":43,"column":2},"end":{"line":69,"column":7}},"10":{"start":{"line":46,"column":6},"end":{"line":68,"column":7}},"11":{"start":{"line":47,"column":8},"end":{"line":67,"column":13}},"12":{"start":{"line":49,"column":12},"end":{"line":66,"column":13}},"13":{"start":{"line":50,"column":14},"end":{"line":50,"column":67}},"14":{"start":{"line":52,"column":31},"end":{"line":52,"column":41}},"15":{"start":{"line":53,"column":14},"end":{"line":53,"column":55}},"16":{"start":{"line":54,"column":14},"end":{"line":54,"column":36}},"17":{"start":{"line":55,"column":14},"end":{"line":55,"column":37}},"18":{"start":{"line":57,"column":14},"end":{"line":63,"column":16}},"19":{"start":{"line":65,"column":14},"end":{"line":65,"column":75}},"20":{"start":{"line":72,"column":35},"end":{"line":77,"column":1}},"21":{"start":{"line":73,"column":17},"end":{"line":74,"column":33}},"22":{"start":{"line":74,"column":26},"end":{"line":74,"column":32}},"23":{"start":{"line":76,"column":2},"end":{"line":76,"column":16}}},"fnMap":{"0":{"name":"(anonymous_0)","decl":{"start":{"line":7,"column":30},"end":{"line":7,"column":31}},"loc":{"start":{"line":7,"column":36},"end":{"line":13,"column":3}},"line":7},"1":{"name":"(anonymous_1)","decl":{"start":{"line":10,"column":8},"end":{"line":10,"column":9}},"loc":{"start":{"line":10,"column":31},"end":{"line":13,"column":1}},"line":10},"2":{"name":"timeToString","decl":{"start":{"line":15,"column":16},"end":{"line":15,"column":28}},"loc":{"start":{"line":15,"column":40},"end":{"line":19,"column":1}},"line":15},"3":{"name":"clearLocalNotification","decl":{"start":{"line":21,"column":16},"end":{"line":21,"column":38}},"loc":{"start":{"line":21,"column":41},"end":{"line":24,"column":1}},"line":21},"4":{"name":"createNotification","decl":{"start":{"line":26,"column":16},"end":{"line":26,"column":34}},"loc":{"start":{"line":26,"column":37},"end":{"line":40,"column":1}},"line":26},"5":{"name":"setLocalNotification","decl":{"start":{"line":42,"column":16},"end":{"line":42,"column":36}},"loc":{"start":{"line":42,"column":39},"end":{"line":70,"column":1}},"line":42},"6":{"name":"(anonymous_6)","decl":{"start":{"line":45,"column":10},"end":{"line":45,"column":11}},"loc":{"start":{"line":45,"column":20},"end":{"line":69,"column":5}},"line":45},"7":{"name":"(anonymous_7)","decl":{"start":{"line":48,"column":16},"end":{"line":48,"column":17}},"loc":{"start":{"line":48,"column":32},"end":{"line":67,"column":11}},"line":48},"8":{"name":"(anonymous_8)","decl":{"start":{"line":72,"column":35},"end":{"line":72,"column":36}},"loc":{"start":{"line":72,"column":47},"end":{"line":77,"column":1}},"line":72},"9":{"name":"(anonymous_9)","decl":{"start":{"line":74,"column":10},"end":{"line":74,"column":11}},"loc":{"start":{"line":74,"column":26},"end":{"line":74,"column":32}},"line":74}},"branchMap":{"0":{"loc":{"start":{"line":46,"column":6},"end":{"line":68,"column":7}},"type":"if","locations":[{"start":{"line":46,"column":6},"end":{"line":68,"column":7}},{"start":{"line":46,"column":6},"end":{"line":68,"column":7}}],"line":46},"1":{"loc":{"start":{"line":49,"column":12},"end":{"line":66,"column":13}},"type":"if","locations":[{"start":{"line":49,"column":12},"end":{"line":66,"column":13}},{"start":{"line":49,"column":12},"end":{"line":66,"column":13}}],"line":49}},"s":{"0":4,"1":4,"2":1,"3":0,"4":2,"5":2,"6":2,"7":4,"8":0,"9":0,"10":0,"11":0,"12":0,"13":0,"14":0,"15":0,"16":0,"17":0,"18":0,"19":0,"20":4,"21":5,"22":0,"23":0},"f":{"0":1,"1":0,"2":2,"3":4,"4":0,"5":0,"6":0,"7":0,"8":5,"9":0},"b":{"0":[0,0],"1":[0,0]},"_coverageSchema":"332fd63041d2c1bcb487cc26dd0d5f7d97098a6c","hash":"272329dd791fe40519f32d99c1c59b181e48d4f5"}
}
