TN:
SF:/Users/davidsage/Desktop/Flash Cards/flash-cards/setupTests.js
FNF:0
FNH:0
DA:4,17
LF:1
LH:1
BRF:0
BRH:0
end_of_record
TN:
SF:/Users/davidsage/Desktop/Flash Cards/flash-cards/actions/decks.js
FN:6,receiveDecks
FN:13,addDeck
FN:20,addCard
FN:28,addScore
FNF:4
FNH:4
FNDA:1,receiveDecks
FNDA:1,addDeck
FNDA:3,addCard
FNDA:5,addScore
DA:1,6
DA:2,6
DA:3,6
DA:4,6
DA:7,1
DA:14,1
DA:21,3
DA:29,5
LF:8
LH:8
BRF:0
BRH:0
end_of_record
TN:
SF:/Users/davidsage/Desktop/Flash Cards/flash-cards/actions/profile.js
FN:6,receiveProfile
FN:13,editUsername
FN:20,editCover
FN:27,editAvatar
FNF:4
FNH:4
FNDA:1,receiveProfile
FNDA:3,editUsername
FNDA:1,editCover
FNDA:1,editAvatar
DA:1,3
DA:2,3
DA:3,3
DA:4,3
DA:7,1
DA:14,3
DA:21,1
DA:28,1
LF:8
LH:8
BRF:0
BRH:0
end_of_record
TN:
SF:/Users/davidsage/Desktop/Flash Cards/flash-cards/components/Card.js
FN:19,(anonymous_0)
FN:23,(anonymous_1)
FN:28,(anonymous_2)
FN:42,(anonymous_3)
FN:52,(anonymous_4)
FN:69,(anonymous_5)
FN:74,(anonymous_6)
FN:129,(anonymous_7)
FNF:8
FNH:3
FNDA:1,(anonymous_0)
FNDA:0,(anonymous_1)
FNDA:0,(anonymous_2)
FNDA:0,(anonymous_3)
FNDA:1,(anonymous_4)
FNDA:1,(anonymous_5)
FNDA:0,(anonymous_6)
FNDA:0,(anonymous_7)
DA:20,1
DA:24,0
DA:25,0
DA:29,0
DA:31,0
DA:32,0
DA:34,0
DA:43,0
DA:45,0
DA:53,1
DA:55,1
DA:70,1
DA:71,1
DA:73,1
DA:74,1
DA:75,0
DA:78,1
DA:83,1
DA:84,1
DA:89,0
DA:95,1
DA:99,1
DA:104,1
DA:109,1
DA:116,1
DA:128,1
DA:129,0
DA:151,2
LF:28
LH:17
BRDA:31,0,0,0
BRDA:31,0,1,0
BRDA:83,1,0,1
BRDA:83,1,1,0
BRDA:119,2,0,1
BRDA:119,2,1,0
BRF:6
BRH:2
end_of_record
TN:
SF:/Users/davidsage/Desktop/Flash Cards/flash-cards/components/CircleScore.js
FN:6,(anonymous_0)
FN:18,CircleScore
FN:35,(anonymous_2)
FNF:3
FNH:2
FNDA:4,(anonymous_0)
FNDA:1,CircleScore
FNDA:0,(anonymous_2)
DA:6,3
DA:7,4
DA:8,1
DA:10,3
DA:11,2
DA:13,1
DA:14,1
DA:21,1
DA:36,0
LF:9
LH:8
BRDA:7,0,0,1
BRDA:7,0,1,3
BRDA:10,1,0,2
BRDA:10,1,1,1
BRDA:13,2,0,1
BRDA:13,2,1,0
BRF:6
BRH:5
end_of_record
TN:
SF:/Users/davidsage/Desktop/Flash Cards/flash-cards/components/Deck.js
FN:18,(anonymous_0)
FN:26,(anonymous_1)
FN:30,(anonymous_2)
FN:40,(anonymous_3)
FN:66,(anonymous_4)
FN:82,(anonymous_5)
FN:99,(anonymous_6)
FN:185,mapStateToProps
FN:193,mapDispatchToProps
FN:197,(anonymous_9)
FN:200,(anonymous_10)
FNF:11
FNH:5
FNDA:1,(anonymous_0)
FNDA:5,(anonymous_1)
FNDA:7,(anonymous_2)
FNDA:6,(anonymous_3)
FNDA:0,(anonymous_4)
FNDA:0,(anonymous_5)
FNDA:5,(anonymous_6)
FNDA:0,mapStateToProps
FNDA:0,mapDispatchToProps
FNDA:0,(anonymous_9)
FNDA:0,(anonymous_10)
DA:19,1
DA:21,1
DA:22,1
DA:23,1
DA:27,5
DA:31,7
DA:32,6
DA:33,2
DA:35,4
DA:37,1
DA:41,6
DA:43,6
DA:44,2
DA:46,4
DA:48,4
DA:66,0
DA:82,0
DA:100,5
DA:113,1
DA:186,0
DA:188,0
DA:194,0
DA:196,0
DA:197,0
DA:200,0
LF:25
LH:17
BRDA:31,0,0,6
BRDA:31,0,1,1
BRDA:31,1,0,7
BRDA:31,1,1,7
BRDA:32,2,0,2
BRDA:32,2,1,4
BRDA:43,3,0,2
BRDA:43,3,1,4
BRDA:50,4,0,4
BRDA:50,4,1,0
BRDA:98,5,0,4
BRDA:98,5,1,0
BRDA:98,6,0,4
BRDA:98,6,1,4
BRF:14
BRH:12
end_of_record
TN:
SF:/Users/davidsage/Desktop/Flash Cards/flash-cards/components/DeckList.js
FN:16,(anonymous_0)
FN:19,(anonymous_1)
FN:25,(anonymous_2)
FN:33,(anonymous_3)
FN:46,(anonymous_4)
FN:49,(anonymous_5)
FN:151,mapStateToProps
FN:162,(anonymous_7)
FN:164,(anonymous_8)
FNF:9
FNH:2
FNDA:1,(anonymous_0)
FNDA:0,(anonymous_1)
FNDA:1,(anonymous_2)
FNDA:0,(anonymous_3)
FNDA:0,(anonymous_4)
FNDA:0,(anonymous_5)
FNDA:0,mapStateToProps
FNDA:0,(anonymous_7)
FNDA:0,(anonymous_8)
DA:17,1
DA:19,1
DA:20,0
DA:21,0
DA:26,1
DA:28,1
DA:33,0
DA:47,0
DA:49,0
DA:83,1
DA:152,0
DA:153,0
DA:155,0
DA:156,0
DA:157,0
DA:161,0
DA:162,0
DA:164,0
LF:18
LH:5
BRDA:40,0,0,0
BRDA:40,0,1,1
BRDA:45,1,0,0
BRDA:45,1,1,1
BRDA:57,2,0,0
BRDA:57,2,1,0
BRDA:57,3,0,0
BRDA:57,3,1,0
BRDA:60,4,0,0
BRDA:60,4,1,0
BRDA:156,5,0,0
BRDA:156,5,1,0
BRF:12
BRH:2
end_of_record
TN:
SF:/Users/davidsage/Desktop/Flash Cards/flash-cards/components/DeckOption.js
FN:9,DeckOption
FNF:1
FNH:1
FNDA:7,DeckOption
DA:12,7
DA:28,2
LF:2
LH:2
BRF:0
BRH:0
end_of_record
TN:
SF:/Users/davidsage/Desktop/Flash Cards/flash-cards/components/NASBtn.js
FN:13,NASBtn
FNF:1
FNH:1
FNDA:6,NASBtn
DA:16,6
DA:29,6
LF:2
LH:2
BRDA:37,0,0,6
BRDA:37,0,1,0
BRDA:41,1,0,6
BRDA:41,1,1,0
BRF:4
BRH:2
end_of_record
TN:
SF:/Users/davidsage/Desktop/Flash Cards/flash-cards/components/NewCard.js
FN:26,(anonymous_0)
FN:28,(anonymous_1)
FN:33,(anonymous_2)
FN:40,(anonymous_3)
FN:55,(anonymous_4)
FN:64,(anonymous_5)
FN:77,(anonymous_6)
FN:78,(anonymous_7)
FN:90,(anonymous_8)
FN:91,(anonymous_9)
FN:143,mapStateToProps
FNF:11
FNH:6
FNDA:2,(anonymous_0)
FNDA:1,(anonymous_1)
FNDA:1,(anonymous_2)
FNDA:1,(anonymous_3)
FNDA:1,(anonymous_4)
FNDA:6,(anonymous_5)
FNDA:0,(anonymous_6)
FNDA:0,(anonymous_7)
FNDA:0,(anonymous_8)
FNDA:0,(anonymous_9)
FNDA:0,mapStateToProps
DA:27,2
DA:28,1
DA:33,1
DA:41,1
DA:42,1
DA:43,1
DA:45,1
DA:50,1
DA:51,1
DA:52,1
DA:56,1
DA:58,1
DA:65,6
DA:66,6
DA:67,6
DA:69,6
DA:77,0
DA:78,0
DA:90,0
DA:91,0
DA:107,1
DA:144,0
DA:146,0
LF:23
LH:17
BRDA:27,0,0,1
BRDA:27,0,1,1
BRDA:79,1,0,1
BRDA:79,1,1,5
BRDA:82,2,0,6
BRDA:82,2,1,0
BRDA:92,3,0,1
BRDA:92,3,1,5
BRDA:95,4,0,6
BRDA:95,4,1,0
BRDA:99,5,0,6
BRDA:99,5,1,1
BRF:12
BRH:10
end_of_record
TN:
SF:/Users/davidsage/Desktop/Flash Cards/flash-cards/components/NewDeck.js
FN:21,(anonymous_0)
FN:25,(anonymous_1)
FN:25,(anonymous_2)
FN:36,(anonymous_3)
FN:48,(anonymous_4)
FN:49,(anonymous_5)
FNF:6
FNH:1
FNDA:0,(anonymous_0)
FNDA:0,(anonymous_1)
FNDA:0,(anonymous_2)
FNDA:1,(anonymous_3)
FNDA:0,(anonymous_4)
FNDA:0,(anonymous_5)
DA:22,0
DA:23,0
DA:25,0
DA:26,0
DA:29,0
DA:37,1
DA:38,1
DA:40,1
DA:48,0
DA:49,0
DA:65,1
LF:11
LH:4
BRDA:50,0,0,0
BRDA:50,0,1,1
BRDA:53,1,0,1
BRDA:53,1,1,0
BRF:4
BRH:2
end_of_record
TN:
SF:/Users/davidsage/Desktop/Flash Cards/flash-cards/components/Profile.js
FN:20,(anonymous_0)
FN:35,(anonymous_1)
FN:54,(anonymous_2)
FN:67,(anonymous_3)
FN:76,(anonymous_4)
FN:83,(anonymous_5)
FN:205,mapStateToProps
FN:220,(anonymous_7)
FN:227,(anonymous_8)
FNF:9
FNH:2
FNDA:1,(anonymous_0)
FNDA:0,(anonymous_1)
FNDA:0,(anonymous_2)
FNDA:0,(anonymous_3)
FNDA:2,(anonymous_4)
FNDA:0,(anonymous_5)
FNDA:0,mapStateToProps
FNDA:0,(anonymous_7)
FNDA:0,(anonymous_8)
DA:21,1
DA:23,1
DA:35,0
DA:54,0
DA:67,0
DA:79,2
DA:83,0
DA:123,1
DA:206,0
DA:207,0
DA:210,0
DA:211,0
DA:212,0
DA:213,0
DA:218,0
DA:221,0
DA:223,0
DA:227,0
LF:18
LH:4
BRDA:26,0,0,0
BRDA:26,0,1,1
BRDA:48,1,0,0
BRDA:48,1,1,1
BRDA:56,2,0,1
BRDA:56,2,1,0
BRDA:64,3,0,0
BRDA:64,3,1,1
BRDA:75,4,0,1
BRDA:75,4,1,0
BRDA:79,5,0,2
BRDA:79,5,1,0
BRDA:79,6,0,2
BRDA:79,6,1,0
BRDA:100,7,0,1
BRDA:100,7,1,1
BRDA:129,8,0,1
BRDA:129,8,1,0
BRDA:211,9,0,0
BRDA:211,9,1,0
BRDA:212,10,0,0
BRDA:212,10,1,0
BRDA:212,11,0,0
BRDA:212,11,1,0
BRF:24
BRH:10
end_of_record
TN:
SF:/Users/davidsage/Desktop/Flash Cards/flash-cards/components/ProfilePic.js
FN:7,(anonymous_0)
FN:25,mapStateToProps
FNF:2
FNH:1
FNDA:1,(anonymous_0)
FNDA:0,mapStateToProps
DA:8,1
DA:10,1
DA:11,0
DA:13,1
DA:14,1
DA:21,0
DA:26,0
LF:7
LH:4
BRDA:10,0,0,0
BRDA:10,0,1,1
BRDA:13,1,0,1
BRDA:13,1,1,0
BRDA:15,2,0,1
BRDA:15,2,1,0
BRF:6
BRH:3
end_of_record
TN:
SF:/Users/davidsage/Desktop/Flash Cards/flash-cards/components/Quiz.js
FN:15,(anonymous_0)
FN:23,(anonymous_1)
FN:30,(anonymous_2)
FN:38,(anonymous_3)
FN:42,(anonymous_4)
FN:54,(anonymous_5)
FN:60,(anonymous_6)
FN:88,mapStateToProps
FNF:8
FNH:7
FNDA:2,(anonymous_0)
FNDA:1,(anonymous_1)
FNDA:2,(anonymous_2)
FNDA:1,(anonymous_3)
FNDA:3,(anonymous_4)
FNDA:3,(anonymous_5)
FNDA:15,(anonymous_6)
FNDA:0,mapStateToProps
DA:16,2
DA:17,2
DA:18,2
DA:20,2
DA:21,1
DA:23,1
DA:31,2
DA:32,2
DA:33,2
DA:35,2
DA:36,1
DA:38,1
DA:43,3
DA:44,3
DA:46,3
DA:54,3
DA:61,15
DA:62,15
DA:63,15
DA:64,15
DA:66,15
DA:89,0
DA:91,0
LF:23
LH:21
BRDA:20,0,0,1
BRDA:20,0,1,1
BRDA:35,1,0,1
BRDA:35,1,1,1
BRDA:49,2,0,2
BRDA:49,2,1,1
BRF:6
BRH:6
end_of_record
TN:
SF:/Users/davidsage/Desktop/Flash Cards/flash-cards/components/Results.js
FN:15,(anonymous_0)
FN:23,(anonymous_1)
FN:28,(anonymous_2)
FN:35,(anonymous_3)
FN:44,(anonymous_4)
FN:69,(anonymous_5)
FN:75,(anonymous_6)
FN:119,mapStateToProps
FNF:8
FNH:4
FNDA:4,(anonymous_0)
FNDA:0,(anonymous_1)
FNDA:4,(anonymous_2)
FNDA:1,(anonymous_3)
FNDA:3,(anonymous_4)
FNDA:0,(anonymous_5)
FNDA:0,(anonymous_6)
FNDA:0,mapStateToProps
DA:16,4
DA:17,4
DA:18,4
DA:20,4
DA:21,4
DA:23,4
DA:24,0
DA:29,4
DA:30,4
DA:32,4
DA:36,1
DA:38,1
DA:45,3
DA:46,3
DA:48,3
DA:69,0
DA:75,0
DA:85,1
DA:120,0
DA:122,0
LF:20
LH:15
BRDA:59,0,0,0
BRDA:59,0,1,3
BRF:2
BRH:1
end_of_record
TN:
SF:/Users/davidsage/Desktop/Flash Cards/flash-cards/components/Settings.js
FN:28,(anonymous_0)
FN:29,(anonymous_1)
FN:31,(anonymous_2)
FN:33,(anonymous_3)
FN:37,(anonymous_4)
FN:39,(anonymous_5)
FN:43,(anonymous_6)
FN:44,(anonymous_7)
FN:44,(anonymous_8)
FN:47,(anonymous_9)
FN:53,(anonymous_10)
FN:62,(anonymous_11)
FN:72,(anonymous_12)
FN:76,(anonymous_13)
FN:83,(anonymous_14)
FN:91,(anonymous_15)
FN:95,(anonymous_16)
FN:97,(anonymous_17)
FN:102,(anonymous_18)
FN:104,(anonymous_19)
FN:109,(anonymous_20)
FN:113,(anonymous_21)
FN:119,(anonymous_22)
FN:123,(anonymous_23)
FN:155,(anonymous_24)
FN:165,(anonymous_25)
FN:166,(anonymous_26)
FN:181,(anonymous_27)
FN:184,(anonymous_28)
FN:187,(anonymous_29)
FNF:30
FNH:9
FNDA:5,(anonymous_0)
FNDA:0,(anonymous_1)
FNDA:0,(anonymous_2)
FNDA:0,(anonymous_3)
FNDA:0,(anonymous_4)
FNDA:0,(anonymous_5)
FNDA:0,(anonymous_6)
FNDA:0,(anonymous_7)
FNDA:0,(anonymous_8)
FNDA:0,(anonymous_9)
FNDA:0,(anonymous_10)
FNDA:0,(anonymous_11)
FNDA:0,(anonymous_12)
FNDA:1,(anonymous_13)
FNDA:1,(anonymous_14)
FNDA:0,(anonymous_15)
FNDA:0,(anonymous_16)
FNDA:0,(anonymous_17)
FNDA:2,(anonymous_18)
FNDA:2,(anonymous_19)
FNDA:2,(anonymous_20)
FNDA:1,(anonymous_21)
FNDA:1,(anonymous_22)
FNDA:11,(anonymous_23)
FNDA:0,(anonymous_24)
FNDA:0,(anonymous_25)
FNDA:0,(anonymous_26)
FNDA:0,(anonymous_27)
FNDA:0,(anonymous_28)
FNDA:0,(anonymous_29)
DA:29,5
DA:30,0
DA:31,0
DA:33,0
DA:38,0
DA:40,0
DA:41,0
DA:43,0
DA:44,0
DA:48,0
DA:50,0
DA:54,0
DA:55,0
DA:57,0
DA:63,0
DA:64,0
DA:65,0
DA:66,0
DA:67,0
DA:68,0
DA:71,0
DA:72,0
DA:77,1
DA:78,1
DA:80,1
DA:81,1
DA:83,1
DA:88,1
DA:92,0
DA:94,0
DA:96,0
DA:98,0
DA:103,2
DA:104,2
DA:105,2
DA:110,2
DA:112,2
DA:113,1
DA:119,1
DA:124,11
DA:126,11
DA:127,0
DA:137,11
DA:138,0
DA:153,11
DA:155,0
DA:165,0
DA:166,0
DA:181,0
DA:184,0
DA:187,0
DA:195,1
LF:52
LH:19
BRDA:30,0,0,0
BRDA:30,0,1,0
BRDA:40,1,0,0
BRDA:40,1,1,0
BRDA:54,2,0,0
BRDA:54,2,1,0
BRDA:63,3,0,0
BRDA:63,3,1,0
BRDA:66,4,0,0
BRDA:66,4,1,0
BRDA:112,5,0,1
BRDA:112,5,1,1
BRDA:126,6,0,0
BRDA:126,6,1,11
BRDA:137,7,0,0
BRDA:137,7,1,11
BRDA:157,8,0,3
BRDA:157,8,1,8
BRDA:167,9,0,0
BRDA:167,9,1,3
BRF:20
BRH:7
end_of_record
TN:
SF:/Users/davidsage/Desktop/Flash Cards/flash-cards/reducers/decks.js
FN:8,decks
FNF:1
FNH:1
FNDA:5,decks
DA:9,5
DA:11,1
DA:16,1
DA:21,1
DA:29,1
DA:38,1
LF:6
LH:6
BRDA:8,0,0,1
BRDA:9,1,0,1
BRDA:9,1,1,1
BRDA:9,1,2,1
BRDA:9,1,3,1
BRDA:9,1,4,1
BRF:6
BRH:6
end_of_record
TN:
SF:/Users/davidsage/Desktop/Flash Cards/flash-cards/reducers/profile.js
FN:8,profile
FNF:1
FNH:1
FNDA:4,profile
DA:9,4
DA:11,1
DA:16,1
DA:21,1
DA:26,1
DA:31,0
LF:6
LH:5
BRDA:8,0,0,1
BRDA:9,1,0,1
BRDA:9,1,1,1
BRDA:9,1,2,1
BRDA:9,1,3,1
BRDA:9,1,4,0
BRF:6
BRH:5
end_of_record
TN:
SF:/Users/davidsage/Desktop/Flash Cards/flash-cards/utils/api.js
FN:11,(anonymous_0)
FN:21,(anonymous_1)
FN:31,(anonymous_2)
FN:47,(anonymous_3)
FN:55,(anonymous_4)
FN:67,(anonymous_5)
FN:81,(anonymous_6)
FN:84,(anonymous_7)
FN:92,(anonymous_8)
FN:95,(anonymous_9)
FN:103,(anonymous_10)
FN:113,(anonymous_11)
FN:123,(anonymous_12)
FNF:13
FNH:13
FNDA:2,(anonymous_0)
FNDA:1,(anonymous_1)
FNDA:1,(anonymous_2)
FNDA:1,(anonymous_3)
FNDA:1,(anonymous_4)
FNDA:1,(anonymous_5)
FNDA:2,(anonymous_6)
FNDA:1,(anonymous_7)
FNDA:1,(anonymous_8)
FNDA:1,(anonymous_9)
FNDA:1,(anonymous_10)
FNDA:1,(anonymous_11)
FNDA:1,(anonymous_12)
DA:11,8
DA:12,2
DA:13,2
DA:15,1
DA:17,0
DA:21,8
DA:22,1
DA:23,1
DA:25,1
DA:27,0
DA:31,8
DA:32,1
DA:33,1
DA:34,1
DA:35,1
DA:37,1
DA:43,0
DA:47,8
DA:48,1
DA:49,1
DA:51,0
DA:55,8
DA:56,1
DA:57,1
DA:58,1
DA:59,1
DA:61,1
DA:63,0
DA:67,8
DA:68,1
DA:69,1
DA:76,0
DA:81,8
DA:82,2
DA:83,2
DA:84,1
DA:86,1
DA:88,0
DA:92,8
DA:93,1
DA:94,1
DA:95,1
DA:97,1
DA:99,0
DA:103,8
DA:104,1
DA:105,1
DA:109,0
DA:113,8
DA:114,1
DA:115,1
DA:119,0
DA:123,8
DA:124,1
DA:125,1
DA:129,0
LF:56
LH:45
BRF:0
BRH:0
end_of_record
TN:
SF:/Users/davidsage/Desktop/Flash Cards/flash-cards/utils/colors.js
FNF:0
FNH:0
DA:1,11
DA:2,11
DA:3,11
DA:4,11
DA:5,11
DA:6,11
DA:7,11
DA:8,11
LF:8
LH:8
BRF:0
BRH:0
end_of_record
TN:
SF:/Users/davidsage/Desktop/Flash Cards/flash-cards/utils/data.js
FN:6,getDecks
FN:41,getProfile
FN:55,setDummyData
FN:72,formatDeckResults
FN:78,formatNewDeck
FN:90,setDummyProfile
FN:98,formatProfileResults
FNF:7
FNH:5
FNDA:0,getDecks
FNDA:2,getProfile
FNDA:0,setDummyData
FNDA:2,formatDeckResults
FNDA:2,formatNewDeck
FNDA:2,setDummyProfile
FNDA:4,formatProfileResults
DA:3,9
DA:4,9
DA:7,0
DA:36,0
DA:42,2
DA:50,2
DA:59,0
DA:60,0
DA:62,0
DA:67,0
DA:69,0
DA:73,2
DA:79,2
DA:81,2
DA:91,2
DA:93,2
DA:95,2
DA:99,4
LF:18
LH:11
BRDA:36,0,0,0
BRDA:36,0,1,0
BRDA:50,1,0,2
BRDA:50,1,1,0
BRDA:73,2,0,0
BRDA:73,2,1,2
BRDA:99,3,0,2
BRDA:99,3,1,2
BRF:8
BRH:4
end_of_record
TN:
SF:/Users/davidsage/Desktop/Flash Cards/flash-cards/utils/helpers.js
FN:7,(anonymous_0)
FN:10,(anonymous_1)
FN:15,timeToString
FN:21,clearLocalNotification
FN:26,createNotification
FN:42,setLocalNotification
FN:45,(anonymous_6)
FN:48,(anonymous_7)
FN:72,(anonymous_8)
FN:74,(anonymous_9)
FNF:10
FNH:4
FNDA:1,(anonymous_0)
FNDA:0,(anonymous_1)
FNDA:2,timeToString
FNDA:4,clearLocalNotification
FNDA:0,createNotification
FNDA:0,setLocalNotification
FNDA:0,(anonymous_6)
FNDA:0,(anonymous_7)
FNDA:5,(anonymous_8)
FNDA:0,(anonymous_9)
DA:5,4
DA:7,4
DA:10,0
DA:16,2
DA:17,2
DA:18,2
DA:22,4
DA:27,0
DA:43,0
DA:46,0
DA:47,0
DA:49,0
DA:50,0
DA:52,0
DA:53,0
DA:54,0
DA:55,0
DA:57,0
DA:65,0
DA:72,4
DA:73,5
DA:74,0
DA:76,0
LF:23
LH:8
BRDA:46,0,0,0
BRDA:46,0,1,0
BRDA:49,1,0,0
BRDA:49,1,1,0
BRF:4
BRH:0
end_of_record
